ncdiff: ERROR received 2 filenames; need exactly three
ncdiff Command line options cheatsheet (full details in manual, http://nco.sf.net/nco.html):
ncdiff [-3] [-4] [-6] [-A] [--bfr sz] [-C] [-c] [--cnk_dmn nm,sz] [--cnk_map map] [--cnk_plc plc] [--cnk_scl sz] [-D dbg_lvl] [-d ...] [-F] [-G grp:lvl] [-g ...] [-h] [--hdf] [--hdr_pad nbr] [-L lvl] [-l path] [--msa] [-n ...] [--no_tmp_fl] [-O] [-o out.nc] [-p path] [-R] [-r] [--ram_all] [-t thr_nbr] [--unn] [-v ...] [-X box] [-x] [-y op_typ] in_1.nc in_2.nc [out.nc]

-3, --3, --fl_fmt=classic	Output file in netCDF3 CLASSIC (32-bit offset) storage format
-4, --4, --netcdf4		Output file in netCDF4 (HDF5) storage format
-6, --64, --fl_fmt=64bit	Output file in netCDF3 64-bit offset storage format
-A, --apn, --append	Append to existing output file, if any
    --bfr_sz, --buffer_size sz	Buffer size to open files with
-C, --nocoords		Associated coordinate variables should not be processed
-c, --crd, --coords	Coordinate variables will all be processed
    --cnk_dmn, --chunk_dimension nm,sz	Chunksize of dimension nm is sz
    --cnk_map, --chunk_map map		Chunking map [dmn,rd1,prd,xpl]
    --cnk_plc, --chunk_policy plc	Chunking policy [all,g2d,g3d,xpl,uck]
    --cnk_scl, --chunk_scalar sz	Chunksize scalar (for all dimensions)
-D, --dbg_lvl, --debug-level dbg_lvl	Debugging level
-d, --dmn, --dimension dim,[min][,[max]][,[stride]] Dimension's limits and stride in hyperslab
-F, --ftn, --fortran	Fortran indexing conventions (1-based) for I/O
-G, --gpe [grp_nm][:[lvl]]	Group Path Editing path, levels to replace
-g, --grp grp1[,grp2[...]] Group(s) to process (regular expressions supported)
-h, --hst, --history	Do not append to "history" global attribute
    --hdf_upk, --hdf_upk	HDF unpack convention: unpacked=scale_factor*(packed-add_offset)
    --hdr_pad, --header_pad	Pad output header with nbr bytes
-L, --dfl_lvl, --deflate lvl	Lempel-Ziv deflation (lvl=0..9) for netCDF4 output
-l, --lcl, --local path	Local storage path for remotely-retrieved files
-n, --nintap nbr_files,[nbr_numeric_chars[,increment]] NINTAP-style abbreviation of file list
    --no_tmp_fl		Do not write output to temporary file
-o, --output, --fl_out fl_out	Output file name (or use last positional argument)
-O, --ovr, --overwrite	Overwrite existing output file, if any
-p, --pth, --path path	Path prefix for all input filenames
-R, --rtn, --retain	Retain remotely-retrieved files after use
-r, --revision, --vrs, --version	Compile-time configuration and/or program version
    --ram_all, --diskless_all	Open netCDF3 files and create output files in RAM
-t, --thr_nbr, --threads, --omp_num_threads thr_nbr	Thread number for OpenMP
    --unn, --union	Select union of specified groups and variables
-v, --variable var1[,var2[...]] Variable(s) to process (regular expressions supported)
-X, --auxiliary lon_min,lon_max,lat_min,lat_max	Auxiliary coordinate bounding box
-x, --xcl, --exclude	Extract all variables EXCEPT those specified with -v
-y, --op_typ, --operation op_typ	Binary arithmetic operation: add,sbt,mlt,dvd (+,-,*,/)
in_1.nc in_2.nc		Input file names
out.nc			Output file name (or use -o switch)

Eight ways to find more help on ncdiff and/or NCO:
1. Examples:     http://nco.sf.net/nco.html#xmp_ncdiff
2. Ref. manual:  http://nco.sf.net/nco.html#ncdiff
3. User's Guide: http://nco.sf.net#RTFM
4. Manual pages: 'man ncdiff', 'man nco', ...
5. Homepage:     http://nco.sf.net
6. FAQ:          http://nco.sf.net#FAQ
7. Help Forum:   http://sf.net/projects/nco/forums/forum/9830
8. Publications: http://nco.sf.net#pub
Post questions, suggestions, patches at http://sf.net/projects/nco
