===============================================================================
SMV2.LOG -- SMVGEAR II information

Switches in mglob.dat
===============================================================================
 IFSOLVE   =            1
 ITESTGEAR =            0
 IFURBAN   =            1
 IFTROP    =            0
 IFSTRAT   =            0
 KULOOP    =          500
 LYOUT     =            1
 LXOUT     =            1
 LZOUT     =           15
 CHEMINTV  =    3600.00000000000     
 IPRATES   =            0
 IPREADER  =            1
 IOSPEC    =            1
 IOREAC    =            1
 APGASA    =               
 APGASB    =               
 APGASC    =               
 APGASD    =               
 APGASE    =               
 APGASF    =               
 APGASG    =               
 IFREORD   =            0
 FRACDEC   =   0.250000000000000     
 PLOURB    =    900.000000000000     
 PLOTROP   =    225.000000000000     
 ERRMAXU   =   0.100000000000000     
 YLOWU     =    1000000.00000000     
 YHIU      =    10000000.0000000     
 HMAXDAYU  =    900.000000000000     
 ERRMAXR   =   1.000000000000000E-003
 YLOWR     =    100000.000000000     
 YHIR      =    10000000.0000000     
 HMAXDAYR  =    900.000000000000     
 ERRMAXS   =   1.000000000000000E-003
 YLOWS     =    100000.000000000     
 YHIS      =    10000000.0000000     
 HMAXDAYS  =    900.000000000000     
 HMAXNIT   =    2000.00000000000     

Using U.C.I. Fast-J photolysis


===============================================================================
Families for prod or loss output:
===============================================================================

    POX     LOX     PCO     LCO   PBrOx    PBry    LBry

===============================================================================
SPECIES FOR THIS RUN.  PHYSICAL CONSTS AND BOUNDARY CONDITIONS ALSO GIVEN.
===============================================================================

NBR NAME            MW BKGAS(VMRAT)
  1 A3O2             1.00 1.00E-20
  2 ACET             1.00 1.00E-20
  3 ALD2             1.00 1.00E-20
  4 ALK4             1.00 1.00E-20
  5 ATO2             1.00 1.00E-20
  6 B3O2             1.00 1.00E-20
  7 C2H6             1.00 1.00E-20
  8 C3H8             1.00 1.00E-20
  9 CH2O             1.00 4.00E-15
 10 CO               1.00 1.00E-07
 11 DRYACET          1.00 0.00E+00
 12 DRYCH2O          1.00 0.00E+00
 13 DRYH2O2          1.00 0.00E+00
 14 DRYHNO3          1.00 0.00E+00
 15 DRYN2O5          1.00 0.00E+00
 16 DRYNO2           1.00 0.00E+00
 17 DRYO3            1.00 0.00E+00
 18 DRYPAN           1.00 0.00E+00
 19 DRYPMN           1.00 0.00E+00
 20 DRYPMNN          1.00 0.00E+00
 21 DRYPPN           1.00 0.00E+00
 22 DRYR4N2          1.00 0.00E+00
 23 DRYMVK           1.00 0.00E+00
 24 DRYMACR          1.00 0.00E+00
 25 DRYHAC           1.00 0.00E+00
 26 DRYALD2          1.00 0.00E+00
 27 ETO2             1.00 1.00E-20
 28 ETP              1.00 1.00E-20
 29 GLYC             1.00 1.00E-20
 30 GLYX             1.00 1.00E-20
 31 H2O2             1.00 4.00E-15
 32 HAC              1.00 1.00E-20
 33 HNO2             1.00 4.00E-15
 34 HNO3             1.00 4.00E-15
 35 HNO4             1.00 4.00E-15
 36 HO2              1.00 4.00E-15
 37 IAP              1.00 1.00E-20
 38 INO2             1.00 1.00E-20
 39 INPN             1.00 1.00E-20
 40 ISN1             1.00 1.00E-20
 41 ISNOOA           1.00 1.00E-20
 42 ISNOOB           1.00 1.00E-20
 43 ISNOHOO          1.00 1.00E-20
 44 ISNP             1.00 1.00E-20
 45 ISOP             1.00 1.00E-20
 46 KO2              1.00 1.00E-20
 47 MACR             1.00 1.00E-20
 48 MAN2             1.00 1.00E-20
 49 MAO3             1.00 1.00E-20
 50 MAOP             1.00 1.00E-20
 51 MAOPO2           1.00 1.00E-20
 52 MAP              1.00 1.00E-20
 53 MCO3             1.00 1.00E-20
 54 MEK              1.00 1.00E-20
 55 MGLY             1.00 1.00E-20
 56 MO2              1.00 4.00E-15
 57 MP               1.00 4.00E-15
 58 MRO2             1.00 1.00E-20
 59 MRP              1.00 1.00E-20
 60 MVK              1.00 1.00E-20
 61 N2O5             1.00 4.00E-15
 62 NO               1.00 4.00E-13
 63 NO2              1.00 4.00E-13
 64 NO3              1.00 4.00E-15
 65 O3               1.00 2.00E-08
 66 OH               1.00 4.00E-15
 67 PAN              1.00 1.00E-20
 68 PMN              1.00 1.00E-20
 69 PO2              1.00 1.00E-20
 70 PP               1.00 1.00E-20
 71 PPN              1.00 1.00E-20
 72 PRN1             1.00 1.00E-20
 73 PRPE             1.00 1.00E-20
 74 PRPN             1.00 1.00E-20
 75 R4N1             1.00 1.00E-20
 76 R4N2             1.00 1.00E-20
 77 R4O2             1.00 1.00E-20
 78 R4P              1.00 1.00E-20
 79 RA3P             1.00 1.00E-20
 80 RB3P             1.00 1.00E-20
 81 RCHO             1.00 1.00E-20
 82 RCO3             1.00 1.00E-20
 83 RIO2             1.00 1.00E-20
 84 RIP              1.00 1.00E-20
 85 ROH              1.00 1.00E-20
 86 RP               1.00 1.00E-20
 87 VRO2             1.00 1.00E-20
 88 VRP              1.00 1.00E-20
 89 DMS              1.00 1.00E-20
 90 SO2              1.00 1.00E-20
 91 SO4              1.00 1.00E-20
 92 MSA              1.00 1.00E-20
 93 LISOPOH          1.00 1.00E-20
 94 Br2              1.00 1.00E-20
 95 Br               1.00 1.00E-20
 96 BrO              1.00 1.00E-20
 97 HOBr             1.00 1.00E-20
 98 HBr              1.00 1.00E-20
 99 BrNO2            1.00 1.00E-20
100 BrNO3            1.00 1.00E-20
101 CHBr3            1.00 1.00E-20
102 CH2Br2           1.00 1.00E-20
103 CH3Br            1.00 1.00E-20
104 DRYHOBr          1.00 0.00E+00
105 DRYHBr           1.00 0.00E+00
106 DRYBrNO3         1.00 0.00E+00
107 DRYBr2           1.00 0.00E+00
108 MPN              1.00 1.00E-20
109 ISOPND           1.00 1.00E-20
110 ISOPNB           1.00 1.00E-20
111 HC5              1.00 1.00E-20
112 DIBOO            1.00 1.00E-20
113 HC5OO            1.00 1.00E-20
114 DHMOB            1.00 1.00E-20
115 MOBA             1.00 1.00E-20
116 MOBAOO           1.00 1.00E-20
117 ISOPNBO2         1.00 1.00E-20
118 ISOPNDO2         1.00 1.00E-20
119 PROPNN           1.00 1.00E-20
120 ETHLN            1.00 1.00E-20
121 MACRN            1.00 1.00E-20
122 MVKN             1.00 1.00E-20
123 PYAC             1.00 1.00E-20
124 IEPOX            1.00 1.00E-20
125 IEPOXOO          1.00 1.00E-20
126 ATOOH            1.00 1.00E-20
127 DRYISOPND        1.00 0.00E+00
128 DRYISOPNB        1.00 0.00E+00
129 DRYRIP           1.00 0.00E+00
130 DRYIEPOX         1.00 0.00E+00
131 DRYMACRN         1.00 0.00E+00
132 DRYMVKN          1.00 0.00E+00
133 DRYPROPNN        1.00 0.00E+00
134 DRYHCOOH         1.00 0.00E+00
135 DRYACTA          1.00 0.00E+00
136 PMNN             1.00 1.00E-20
137 MACRNO2          1.00 1.00E-20
138 PMNO2            1.00 1.00E-20
139 POX              0.00 0.00E+00
140 LOX              0.00 0.00E+00
141 PCO              0.00 0.00E+00
142 LCO              0.00 0.00E+00
143 PBrOx            0.00 0.00E+00
144 PBry             0.00 0.00E+00
145 LBry             0.00 0.00E+00

INACTIVE SPECIES FOR THIS RUN ARE:

 RCOOH          O2             O              NH3           
 NH2            N2             MOH            MNO3          
 M              HCOOH          H2O            H2            
 H              EOH            EMISSION       CH4           
 ACTA          

THE DEAD SPECIES FOR THIS RUN ARE:

 CO2            DRYDEP         MONX           O1D           

===============================================================================
KINETIC REACTIONS FOR URBAN CHEMISTRY
RATE CONSTANTS HAVE FORM K = A * (300/T)**B * EXP(C/T).
===============================================================================

NMBR   A       B     C     Fv       REACTION
  1 3.0E-12    0.00  -1500 .00 O3    +NO    +      =1.0NO2   +1.0O2    
  2 1.7E-12    0.00   -940 .00 O3    +OH    +      =1.0HO2   +1.0O2    
  3 1.0E-14    0.00   -490 .00 O3    +HO2   +      =1.0OH    +1.0O2    +1.0O2    
  4 1.2E-13    0.00  -2450 .00 O3    +NO2   +      =1.0O2    +1.0NO3   
  5 2.9E-16    0.00  -1000 .00 O3    +MO2   +      =1.0CH2O  +1.0HO2   +2.0O2    
  6 1.8E-12    0.00      0 .00 OH    +OH    +      =1.0H2O   +1.0O3    
  7 6.9E-31    1.00      0 .60 OH    +OH    +M     =1.0H2O2  
  8 2.6E-11    0.00      0 .00       +      +      
  9 4.8E-11    0.00    250 .00 OH    +HO2   +      =1.0H2O   +1.0O2    
 10 1.8E-12    0.00      0 .00 OH    +H2O2  +      =1.0H2O   +1.0HO2   
 11 3.3E-12    0.00    270 .00 HO2   +NO    +      =1.0OH    +1.0NO2   
 12 3.0E-13    0.00    460 .00 HO2   +HO2   +      =1.0H2O2  
 13 2.1E-33    0.00    920 .00       +      +      
 14 2.8E-12    0.00  -1800 .00 OH    +H2    +      =1.0H2O   +1.0HO2   
 15 1.5E-13    0.00      0 .00 CO    +OH    +      =1.0HO2   
 16 2.4E-12    0.00  -1775 .00 OH    +CH4   +      =1.0MO2   +1.0H2O   
 17 2.8E-12    0.00    300 .00 MO2   +NO    +      =1.0CH2O  +1.0HO2   +1.0NO2   
 18 4.1E-13    0.00    750 .00 MO2   +HO2   +      =1.0MP    +1.0O2    
 19 9.5E-14    0.00    390 .00 MO2   +MO2   +      =1.0MOH   +1.0CH2O  +1.0O2    
 20 2.6E+01    0.00  -1130 .00       +      +      
 21 9.5E-14    0.00    390 .00 MO2   +MO2   +      =2.0CH2O  +2.0HO2   
 22 4.0E-02    0.00   1130 .00       +      +      
 23 2.7E-12    0.00    200 .00 MP    +OH    +      =1.0MO2   +1.0H2O   
 24 1.1E-12    0.00    200 .00 MP    +OH    +      =1.0CH2O  +1.0OH    +1.0H2O   
 25 2.7E-12    0.00    200 .00 ATOOH +OH    +      =1.0ATO2  +1.0H2O   
 26 1.1E-12    0.00    200 .00 ATOOH +OH    +      =1.0MGLY  +1.0OH    +1.0H2O   
 27 5.5E-12    0.00    125 .00 CH2O  +OH    +      =1.0CO    +1.0HO2   +1.0H2O   
 28 1.8E-30    3.00      0 .60 NO2   +OH    +M     =1.0HNO3  +1.0M     
 29 2.8E-11    0.00      0 .00       +      +      
 30 2.4E-14    0.00    460 .00 HNO3  +OH    +      =1.0H2O   +1.0NO3   
 31 2.7E-17    0.00   2199 .00       +      +      
 32 6.5E-34    0.00   1335 .00       +      +      
 33 7.0E-31    2.60      0 .60 NO    +OH    +M     =1.0HNO2  +1.0M     
 34 3.6E-11    0.10      0 .00       +      +      
 35 1.8E-11    0.00   -390 .00 HNO2  +OH    +      =1.0H2O   +1.0NO2   
 36 2.0E-31    3.40      0 .60 HO2   +NO2   +M     =1.0HNO4  +1.0M     
 37 2.9E-12    1.10      0 .00       +      +      
 38 9.5E-05    3.40 -10900 .60 HNO4  +      +M     =1.0HO2   +1.0NO2   
 39 1.4E+15    1.10 -10900 .00       +      +      
 40 1.3E-12    0.00    380 .00 HNO4  +OH    +      =1.0H2O   +1.0NO2   +1.0O2    
 41 3.5E-12    0.00      0 .00 HO2   +NO3   +      =1.0OH    +1.0NO2   +1.0O2    
 42 1.5E-11    0.00    170 .00 NO    +NO3   +      =2.0NO2   
 43 2.2E-11    0.00      0 .00 OH    +NO3   +      =1.0HO2   +1.0NO2   
 44 2.0E-30    4.40      0 .60 NO2   +NO3   +M     =1.0N2O5  +1.0M     
 45 1.4E-12    0.70      0 .00       +      +      
 46 7.4E-04    4.40 -11000 .60 N2O5  +      +M     =1.0NO2   +1.0NO3   
 47 5.2E+14    0.70 -11000 .00       +      +      
 48 4.0E-13    0.00      0 .00 HCOOH +OH    +      =1.0H2O   +0.0      +1.0HO2   
 49 2.9E-12    0.00   -345 .00 MOH   +OH    +      =1.0HO2   +1.0CH2O  
 50 4.5E-14    0.00  -1260 .00 NO2   +NO3   +      =1.0NO    +1.0NO2   +1.0O2    
 51 5.8E-16    0.00      0 .00 NO3   +CH2O  +      =1.0HNO3  +1.0HO2   +1.0CO    
 52 4.6E-12    0.00    350 .00 ALD2  +OH    +      =0.9MCO3  +0.1CH2O  +0.1CO    +0.0      +0.1HO2   
 53 1.4E-12    0.00  -1900 .00 ALD2  +NO3   +      =1.0HNO3  +1.0MCO3  
 54 9.7E-29    5.60      0 .60 MCO3  +NO2   +M     =1.0PAN   
 55 9.3E-12    1.50      0 .00       +      +      
 56 9.3E-29    0.00  14000 .00 PAN   +      +      =1.0MCO3  +1.0NO2   
 57 8.1E-12    0.00    270 .00 MCO3  +NO    +      =1.0MO2   +1.0NO2   
 58 7.7E-12    0.00  -1020 .00 C2H6  +OH    +      =1.0ETO2  +1.0H2O   
 59 2.6E-12    0.00    365 .00 ETO2  +NO    +      =1.0ALD2  +1.0NO2   +1.0HO2   
 60 7.6E-12    0.00   -585 .00 C3H8  +OH    +      =1.0B3O2  
 61 5.9E+00    0.64   -816 .00       +      +      
 62 7.6E-12    0.00   -585 .00 C3H8  +OH    +      =1.0A3O2  
 63 1.7E-01   -0.64    816 .00       +      +      
 64 2.9E-12    0.00    350 .00 A3O2  +NO    +      =1.0NO2   +1.0HO2   +1.0RCHO  
 65 2.7E-12    0.00    350 .00 PO2   +NO    +      =1.0NO2   +1.0HO2   +1.0CH2O  +1.0ALD2  
 66 9.1E-12    0.00   -405 .00 ALK4  +OH    +      =1.0R4O2  
 67 2.7E-12    0.00    350 .00 R4O2  +NO    +      =1.0NO2   +0.3ACET  +0.2MEK   +0.2MO2   +0.3HO2   +0.3ALD2  +0.1RCHO  +0.1A3O2  +0.2B3O2  +0.3ETO2  
 68 4.5E+00    0.00      0 .00       +      +      
 69 2.7E-12    0.00    350 .00 R4O2  +NO    +      =1.0R4N2  
 70 4.5E+00    0.00      0 .00       +      +      
 71 2.7E-12    0.00    350 .00 R4N1  +NO    +      =2.0NO2   +0.4CH2O  +0.8ALD2  +0.6RCHO  +0.3R4O2  
 72 2.8E-12    0.00    300 .00 ATO2  +NO    +      =1.0NO2   +1.0CH2O  +1.0MCO3  +0.0R4N2  
 73 2.7E-12    0.00    350 .00 KO2   +NO    +      =0.9NO2   +0.9ALD2  +0.9MCO3  +0.1R4N2  
 74 2.7E-12    0.00    350 .00 RIO2  +NO    +      =0.9NO2   +0.8HO2   +0.7CH2O  +0.4MVK   +0.3MACR  +0.1ISOPND+0.0ISOPNB+0.1HC5   +0.1DIBOO 
 75 4.1E+08    0.00  -7694 .00 RIO2  +      +      =2.0HO2   +1.0CH2O  +0.5MGLY  +0.5GLYC  +0.5GLYX  +0.5GLYX  +0.5HAC   +1.0OH    
 76 2.7E-12    0.00    350 .00 VRO2  +NO    +      =0.9NO2   +0.3HO2   +0.3CH2O  +0.5MCO3  +0.5GLYC  +0.3MGLY  +0.1MVKN  
 77 2.7E-12    0.00    350 .00 MRO2  +NO    +      =0.8NO2   +0.8HO2   +0.1MGLY  +0.7HAC   +0.7CO    +0.1CH2O  +0.1MACRN 
 78 2.9E+07    0.00  -5297 .00 MRO2  +      +      =1.0CO    +1.0HAC   +1.0OH    
 79 2.7E-12    0.00    350 .00 MAN2  +NO    +      =1.5NO2   +0.5CH2O  +0.5MGLY  +0.5PROPNN+0.5CO    +0.5OH    
 80 2.7E-12    0.00    350 .00 B3O2  +NO    +      =1.0NO2   +1.0HO2   +1.0ACET  
 81 2.7E-12    0.00    350 .00 INO2  +NO    +      =1.3NO2   +0.8HO2   +0.7ISN1  +0.2HC5   +0.0MACR  +0.1CH2O  +0.0MVK   
 82 2.3E-12    0.00      0 .00 INO2  +NO3   +      =1.3NO2   +0.8HO2   +0.7ISN1  +0.2HC5   +0.0MACR  +0.1CH2O  +0.0MVK   
 83 3.2E-13    0.00   -448 .00 ISN1  +NO3   +      =0.6ISNOOA+0.4ISNOOB+0.6HNO3  
 84 4.0E-12    0.00      0 .00 ISNOOA+NO3   +      =1.0NO2   +1.0R4N2  +1.0CO    +1.0HO2   
 85 6.7E-12    0.00    340 .00 ISNOOA+NO    +      =1.0NO2   +1.0R4N2  +1.0CO    +1.0HO2   
 86 9.0E-28    8.90      0 .60 ISNOOA+NO2   +      =1.0PMN   
 87 7.7E-12    0.20      0 .00       +      +      
 88 5.2E-13    0.00    980 .00 ISNOOA+HO2   +      =0.8RP    +0.2RCOOH +0.2O3    
 89 2.3E-12    0.00      0 .00 ISNOOB+NO3   +      =1.0R4N2  +1.0GLYX  +1.0NO2   +1.0NO2   
 90 2.6E-12    0.00    380 .00 ISNOOB+NO    +      =0.9R4N2  +0.9GLYX  +0.9NO2   +0.9NO2   
 91 2.1E-13    0.00   1300 .00 ISNOOB+HO2   +      =1.0INPN  
 92 2.0E-13    0.00      0 .00 ISNOOB+MO2   +      =0.7R4N2  +0.7GLYX  +0.7NO2   +0.2CH2O  +0.2MOH   +0.5HO2   +0.5CH2O  
 93 4.1E-15    0.00  -1520 .00 ISN1  +O3    +      =0.3R4N2  +0.7GLYX  +0.7NO2   +0.2CH2O  +0.2MOH   +0.5HO2   +0.5CH2O  
 94 7.5E-12    0.00    410 .00 ISN1  +OH    +      =0.3ISNOOA+0.7ISNOHO
 95 2.6E-12    0.00    380 .00 ISNOHO+NO    +      =0.9R4N2  +0.9HO2   +0.9GLYX  
 96 2.1E-13    0.00   1300 .00 ISNOHO+HO2   +      =1.0INPN  
 97 2.1E-13    0.00      0 .00 ISNOHO+MO2   +      =0.7R4N2  +0.7GLYX  +0.7HO2   +0.2CH2O  +0.2MOH   +0.5CH2O  +0.5HO2   
 98 1.2E-12    0.00      0 .00 INO2  +INO2  +      =0.3NO2   +0.8HO2   +0.7ISN1  +0.2HC5   +0.0MACR  +0.1CH2O  +0.0MVK   +0.5ISN1  +0.5ISOPND
 99 2.7E-12    0.00    350 .00 PRN1  +NO    +      =2.0NO2   +1.0CH2O  +1.0ALD2  
100 2.8E-12    0.00  -3280 .00 ALK4  +NO3   +      =1.0HNO3  +1.0R4O2  
101 1.6E-12    0.00      0 .00 R4N2  +OH    +      =1.0R4N1  +1.0H2O   
102 3.1E-14    0.00    920 .00 ACTA  +OH    +      =1.0MO2   +0.0      +1.0H2O   
103 6.0E-12    0.00    410 .00 OH    +RCHO  +      =1.0RCO3  +1.0H2O   
104 9.0E-28    8.90      0 .60 RCO3  +NO2   +M     =1.0PPN   
105 7.7E-12    0.20      0 .00       +      +      
106 9.0E-29    0.00  14000 .00 PPN   +      +      =1.0RCO3  +1.0NO2   
107 9.0E-28    8.90      0 .60 MAO3  +NO2   +M     =1.0PMN   
108 7.7E-12    0.20      0 .00       +      +      
109 9.0E-29    0.00  14000 .00 PMN   +      +      =1.0MAO3  +1.0NO2   
110 6.7E-12    0.00    340 .00 RCO3  +NO    +      =1.0NO2   +1.0ETO2  
111 6.7E-12    0.00    340 .00 MAO3  +NO    +      =1.0NO2   +0.5CH2O  +0.5CO    +0.0      +0.5MO2   +0.5MCO3  
112 6.5E-15    0.00      0 .00 RCHO  +NO3   +      =1.0HNO3  +1.0RCO3  
113 1.3E-13    0.00      0 .00 ACET  +OH    +      =1.0ATO2  +1.0H2O   
114 3.8E-11    0.00  -2000 .00 ACET  +OH    +      =1.0ATO2  +1.0H2O   
115 5.9E-13    0.00      0 .00 A3O2  +MO2   +      =1.0HO2   +0.8CH2O  +0.8RCHO  +0.2MOH   +0.2ROH   
116 5.9E-13    0.00      0 .00 PO2   +MO2   +      =1.0HO2   +0.5ALD2  +1.2CH2O  +0.2HAC   +0.1RCHO  +0.2MOH   +0.2ROH   
117 7.4E-13    0.00    700 .00 R4O2  +HO2   +      =1.0R4P   
118 7.4E-13    0.00    700 .00 R4N1  +HO2   +      =1.0R4N2  
119 8.6E-13    0.00    700 .00 ATO2  +HO2   +      =0.1MCO3  +0.1OH    +0.1CH2O  +0.8ATOOH 
120 2.9E-13    0.00   1300 .00 KO2   +HO2   +      =0.1OH    +0.1ALD2  +0.1MCO3  +0.8ATOOH 
121 4.0E+00    0.00      0 .00       +      +      
122 2.9E-13    0.00   1300 .00 RIO2  +HO2   +      =0.9RIP   +0.1OH    +0.0MACR  +0.1MVK   +0.1HO2   +0.1CH2O  
123 5.0E+00    0.00      0 .00       +      +      
124 2.9E-13    0.00   1300 .00 VRO2  +HO2   +      =0.1VRP   +0.7OH    +0.6GLYC  +0.6MCO3  +0.2MEK   +0.1HO2   +0.1CH2O  +0.1MGLY  +0.0RCHO  
125 4.0E+00    0.00      0 .00       +      +      
126 2.9E-13    0.00   1300 .00 MRO2  +HO2   +      =1.0MRP   
127 4.0E+00    0.00      0 .00       +      +      
128 2.9E-13    0.00   1300 .00 MAN2  +HO2   +      =0.1PROPNN+0.1CO    +0.1HO2   +0.1MGLY  +0.1CH2O  +0.1NO2   +0.1OH    +0.8ISNP  
129 4.0E+00    0.00      0 .00       +      +      
130 2.9E-13    0.00   1300 .00 B3O2  +HO2   +      =1.0RB3P  
131 3.0E+00    0.00      0 .00       +      +      
132 2.9E-13    0.00   1300 .00 INO2  +HO2   +      =1.0INPN  
133 5.0E+00    0.00      0 .00       +      +      
134 2.9E-13    0.00   1300 .00 PRN1  +HO2   +      =1.0PRPN  
135 3.0E+00    0.00      0 .00       +      +      
136 1.3E-12    0.00    -25 .00 MEK   +OH    +      =1.0KO2   +1.0H2O   
137 3.0E-13    0.00      0 .00 MO2   +ETO2  +      =0.8CH2O  +0.8ALD2  +1.0HO2   +0.2MOH   +0.2EOH   
138 8.0E-16    0.00      0 .00 MEK   +NO3   +      =1.0HNO3  +1.0KO2   
139 8.4E-14    0.00      0 .00 R4O2  +MO2   +      =0.2ACET  +0.1MEK   +0.1MO2   +0.1HO2   +0.2ALD2  +0.1RCHO  +0.0A3O2  +0.1B3O2  +0.2ETO2  +0.2MEK   +0.8CH2O  +0.2MOH   +0.2ROH   +0.5HO2   
140 8.4E-14    0.00      0 .00 R4N1  +MO2   +      =1.0NO2   +0.2CH2O  +0.4ALD2  +0.3RCHO  +0.1R4O2  +0.2RCHO  +0.8CH2O  +0.2MOH   +0.2ROH   +0.5HO2   
141 7.5E-13    0.00    500 .00 ATO2  +MO2   +      =0.3HO2   +0.3CH2O  +0.3MCO3  +0.2HAC   +0.2CH2O  +0.5MGLY  +0.5MOH   
142 8.4E-14    0.00      0 .00 KO2   +MO2   +      =0.5ALD2  +0.5MCO3  +0.2MEK   +0.8CH2O  +0.2MOH   +0.2ROH   +0.5HO2   
143 8.4E-14    0.00      0 .00 RIO2  +MO2   +      =1.1HO2   +1.2CH2O  +0.3MVK   +0.2MACR  +0.3HC5   +0.2MOH   +0.2ROH   
144 1.5E-13    0.00      0 .00 RIO2  +RIO2  +      =1.3HO2   +0.9CH2O  +0.6MVK   +0.4MACR  +0.5ROH   +0.5HC5   
145 8.4E-14    0.00      0 .00 HC5OO +MO2   +      =0.5HO2   +0.3CO    +0.1H2    +0.2HAC   +0.1GLYC  +0.3MGLY  +0.2MEK   +0.9CH2O  +0.2MOH   +0.2ROH   +0.5HO2   
146 8.4E-14    0.00      0 .00 VRO2  +MO2   +      =0.1HO2   +0.1CH2O  +0.4MCO3  +0.4GLYC  +0.1MGLY  +0.2MEK   +0.8CH2O  +0.2MOH   +0.2ROH   +0.5HO2   
147 8.4E-14    0.00      0 .00 MRO2  +MO2   +      =0.6HAC   +0.3MGLY  +0.6CO    +1.3CH2O  +1.7HO2   +0.1ROH   
148 8.4E-14    0.00      0 .00 MAN2  +MO2   +      =0.4PROPNN+0.4CO    +0.4HO2   +0.4MGLY  +0.4CH2O  +0.4NO2   +0.0      +0.0      +0.2CH2O  +0.2R4N2  
149 8.4E-14    0.00      0 .00 B3O2  +MO2   +      =0.5HO2   +0.5ACET  +0.2ACET  +0.8CH2O  +0.2MOH   +0.2ROH   +0.5HO2   
150 1.3E-12    0.00      0 .00 INO2  +MO2   +      =0.1NO2   +0.4HO2   +0.3ISN1  +0.0CH2O  +0.0MACR  +0.0MVK   +0.1HC5   +0.2ISN1  +0.2ISOPND+0.5CH2O  +0.5HO2   +0.2CH2O  +0.2MOH   
151 8.4E-14    0.00      0 .00 PRN1  +MO2   +      =1.0NO2   +0.5CH2O  +0.5ALD2  +0.2RCHO  +0.8CH2O  +0.2MOH   +0.2ROH   +0.5HO2   
152 3.4E-12    0.00      0 .00 EOH   +OH    +      =1.0HO2   +1.0ALD2  
153 4.6E-12    0.00     70 .00 ROH   +OH    +      =1.0HO2   +1.0RCHO  
154 4.1E-14    0.00      0 .00 ETO2  +ETO2  +      =2.0ALD2  +2.0HO2   
155 2.7E-14    0.00      0 .00 ETO2  +ETO2  +      =1.0EOH   +1.0ALD2  
156 7.4E-13    0.00    700 .00 HO2   +ETO2  +      =1.0ETP   
157 2.9E-13    0.00   1300 .00 A3O2  +HO2   +      =1.0RA3P  
158 3.0E+00    0.00      0 .00       +      +      
159 2.9E-13    0.00   1300 .00 PO2   +HO2   +      =1.0PP    
160 3.0E+00    0.00      0 .00       +      +      
161 5.2E-13    0.00    980 .00 HO2   +MCO3  +      =0.4MAP   +0.1ACTA  +0.1O3    +0.4OH    +0.4MO2   
162 4.3E-13    0.00   1040 .00 RCO3  +HO2   +      =0.4RP    +0.1RCOOH +0.1O3    +0.4OH    +0.4ETO2  
163 4.3E-13    0.00   1040 .00 MAO3  +HO2   +      =0.4OH    +0.1O3    +0.6CH2O  +0.4MO2   +0.4MAOP  +0.4CO    
164 8.0E-27    3.50      0 .50 PRPE  +OH    +M     =1.0PO2   
165 3.0E-11    1.00      0 .00       +      +      
166 5.5E-15    0.00  -1880 .00 PRPE  +O3    +      =0.4ALD2  +0.2OH    +0.2HO2   +0.4CO    +0.6CH2O  +0.1HCOOH +0.1ACTA  +0.0MOH   
167 2.9E-11    0.00      0 .00 PMN   +OH    +      =1.0HAC   +1.0CO    +1.0NO2   
168 8.2E-18    0.00      0 .00 PMN   +O3    +      =1.0NO2   +0.6CH2O  +1.0HO2   
169 8.0E-12    0.00      0 .00 GLYC  +OH    +      =0.7CH2O  +0.0      +0.5CO    +0.2OH    +0.8HO2   +0.1GLYX  +0.1HCOOH 
170 8.0E-12    0.00      0 .00 GLYC  +OH    +      =1.0HCOOH +1.0OH    +1.0CO    
171 4.6E-13    0.00  -1156 .00 PRPE  +NO3   +      =1.0PRN1  
172 3.1E-12    0.00    340 .00 GLYX  +OH    +      =1.0HO2   +2.0CO    
173 1.5E-11    0.00      0 .00 MGLY  +OH    +      =1.0MCO3  +1.0CO    
174 1.4E-12    0.00  -1860 .00 GLYX  +NO3   +      =1.0HNO3  +1.0HO2   +2.0CO    
175 3.4E-12    0.00  -1860 .00 MGLY  +NO3   +      =1.0HNO3  +1.0CO    +1.0MCO3  
176 3.1E-11    0.00    350 .00 ISOP  +OH    +      =1.0RIO2  +1.0LISOPO
177 2.6E-12    0.00    610 .00 MVK   +OH    +      =1.0VRO2  
178 8.0E-12    0.00    380 .00 MACR  +OH    +      =0.5MAO3  +0.5MRO2  
179 2.1E-12    0.00    305 .00 HAC   +OH    +      =1.0MGLY  +1.0HO2   
180 2.1E-12    0.00    305 .00 HAC   +OH    +      =0.5HCOOH +1.0OH    +0.5ACTA  +0.0      +0.5CO    +0.5MO2   
181 1.7E-12    0.00    500 .00 MCO3  +A3O2  +      =1.0MO2   +1.0RCHO  +1.0HO2   
182 1.7E-12    0.00    500 .00 MCO3  +PO2   +      =1.0MO2   +1.0ALD2  +1.0CH2O  +1.0HO2   
183 1.9E-13    0.00    500 .00 MCO3  +A3O2  +      =1.0ACTA  +1.0RCHO  
184 1.9E-13    0.00    500 .00 MCO3  +PO2   +      =1.0ACTA  +0.3RCHO  +0.7HAC   
185 1.0E-14    0.00  -1970 .00 ISOP  +O3    +      =0.2MVK   +0.3MACR  +0.8CH2O  +0.1H2O2  +0.5CO    +0.2HCOOH +0.2MCO3  +0.0HO2   +0.3OH    +0.1PRPE  +0.1MO2   
186 8.5E-16    0.00  -1520 .00 MVK   +O3    +      =0.2OH    +0.2HO2   +0.4HCOOH +0.5CO    +0.1ALD2  +0.9MGLY  +0.1CH2O  
187 1.4E-15    0.00  -2100 .00 MACR  +O3    +      =0.3OH    +0.2HO2   +0.3HCOOH +0.6CO    +0.9MGLY  +0.1CH2O  
188 3.3E-12    0.00   -450 .00 ISOP  +NO3   +      =1.0INO2  
189 2.3E-15    0.00      0 .00 MACR  +NO3   +      =1.0MAN2  
190 1.1E-15    0.00      0 .00 MACR  +NO3   +      =1.0MAO3  +1.0HNO3  
191 1.7E-12    0.00    500 .00 RCO3  +MO2   +      =1.0CH2O  +1.0HO2   +1.0ETO2  
192 1.7E-12    0.00    500 .00 MAO3  +MO2   +      =1.0CH2O  +1.0HO2   +1.0CH2O  +1.0MCO3  
193 1.9E-13    0.00    500 .00 RCO3  +MO2   +      =1.0RCOOH +1.0CH2O  
194 1.9E-13    0.00    500 .00 MAO3  +MO2   +      =1.0RCOOH +1.0CH2O  
195 1.9E-11    0.00    390 .00 INPN  +OH    +      =1.0OH    +1.0NO2   +1.0MEK   
196 5.2E-12    0.00    200 .00 INPN  +OH    +      =0.4INO2  +0.6R4N2  +0.6OH    
197 8.8E-12    0.00    200 .00 PRPN  +OH    +      =0.2PRN1  +0.8OH    +0.8PROPNN
198 5.2E-12    0.00    200 .00 ETP   +OH    +      =0.6OH    +0.4ETO2  +0.6ALD2  
199 5.2E-12    0.00    200 .00 RA3P  +OH    +      =0.6OH    +0.4A3O2  +0.6RCHO  
200 8.8E-12    0.00    200 .00 RB3P  +OH    +      =0.8OH    +0.2B3O2  +0.8ACET  
201 8.8E-12    0.00    200 .00 R4P   +OH    +      =0.8OH    +0.2R4O2  +0.8RCHO  
202 6.1E-13    0.00    200 .00 RP    +OH    +      =1.0RCO3  
203 8.8E-12    0.00    200 .00 PP    +OH    +      =0.8OH    +0.2PO2   +0.8HAC   
204 4.7E-12    0.00    200 .00 RIP   +OH    +      =0.4RIO2  +0.6OH    +0.6HC5   
205 1.9E-11    0.00    390 .00 RIP   +OH    +      =1.0OH    +1.0IEPOX 
206 5.8E-11    0.00   -400 .00 IEPOX +OH    +      =1.0IEPOXO
207 2.9E-13    0.00   1300 .00 IEPOXO+HO2   +      =0.7HAC   +0.3GLYC  +0.3GLYX  +0.3MGLY  +1.1OH    +0.8HO2   +0.0      +0.4CH2O  +0.1HCOOH +0.3CO    
208 5.0E+00    0.00      0 .00       +      +      
209 2.7E-12    0.00    350 .00 IEPOXO+NO    +      =0.7HAC   +0.3GLYC  +0.3GLYX  +0.3MGLY  +0.1OH    +0.8HO2   +0.0      +0.4CH2O  +0.1HCOOH +0.3CO    +1.0NO2   
210 5.3E-12    0.00    200 .00 IAP   +OH    +      =0.7OH    +0.7DHMOB +0.3HC5OO 
211 8.8E-12    0.00    200 .00 VRP   +OH    +      =0.8OH    +0.8MEK   +0.2VRO2  
212 1.8E-12    0.00    200 .00 MRP   +OH    +      =1.0MRO2  
213 4.4E-12    0.00    380 .00 MRP   +OH    +      =0.0      +1.0HAC   +1.0OH    
214 6.1E-13    0.00    200 .00 MAOP  +OH    +      =1.0MAO3  
215 3.6E-12    0.00    380 .00 MAOP  +OH    +      =1.0MAOPO2
216 1.7E-12    0.00    500 .00 MCO3  +MAOPO2+      =1.0HAC   +0.0      +1.0OH    +1.0MO2   
217 1.9E-13    0.00    500 .00 MCO3  +MAOPO2+      =1.0ACTA  +1.0MEK   
218 8.4E-14    0.00      0 .00 MAOPO2+MO2   +      =0.7HAC   +0.0      +0.7OH    +1.0CH2O  +0.7HO2   +0.3ROH   
219 8.4E-14    0.00      0 .00 MAOPO2+MAOPO2+      =2.0HAC   +0.0      +2.0OH    
220 2.9E-13    0.00   1300 .00 MAOPO2+HO2   +      =1.0HAC   +0.0      +2.0OH    
221 4.0E+00    0.00      0 .00       +      +      
222 2.7E-12    0.00    350 .00 MAOPO2+NO    +      =1.0HAC   +0.0      +1.0OH    +1.0NO2   
223 4.0E+00    0.00      0 .00       +      +      
224 2.7E-12    0.00    350 .00 MAOPO2+NO    +      =1.0HNO3  
225 4.0E+00    0.00      0 .00       +      +      
226 6.1E-13    0.00    200 .00 OH    +MAP   +      =1.0MCO3  
227 1.4E-18    0.00      0 .00 C2H6  +NO3   +      =1.0ETO2  +1.0HNO3  
228 6.2E-15    0.00  -1814 .00 HC5   +O3    +      =0.6MGLY  +0.1OH    +0.1CH2O  +0.3GLYC  +0.3O3    +0.4CO    +0.2H2    +0.2HAC   +0.2HCOOH 
229 2.5E-12    0.00    500 .00 MCO3  +MCO3  +      =2.0MO2   
230 1.8E-12    0.00    500 .00 MCO3  +MO2   +      =1.0CH2O  +1.0MO2   +1.0HO2   
231 2.0E-13    0.00    500 .00 MCO3  +MO2   +      =1.0ACTA  +1.0CH2O  
232 1.7E-12    0.00    500 .00 R4O2  +MCO3  +      =1.0MO2   +0.3ACET  +0.2MEK   +0.3HO2   +0.3ALD2  +0.1RCHO  +0.1A3O2  +0.2B3O2  +0.3ETO2  
233 1.7E-12    0.00    500 .00 ATO2  +MCO3  +      =1.0MO2   +1.0MCO3  +1.0CH2O  
234 1.7E-12    0.00    500 .00 KO2   +MCO3  +      =1.0MO2   +1.0ALD2  +1.0MCO3  
235 1.7E-12    0.00    500 .00 RIO2  +MCO3  +      =0.9HO2   +0.7CH2O  +0.5MVK   +0.3MACR  +0.1HC5   +0.1DIBOO +0.0      +1.0MO2   
236 1.7E-12    0.00    500 .00 HC5OO +MCO3  +      =0.2GLYX  +0.2MGLY  +0.2GLYC  +0.2HAC   +0.3DHMOB +0.2MOBA  +0.1RCHO  +1.0HO2   +0.1CO    +1.0MO2   
237 1.7E-12    0.00    500 .00 VRO2  +MCO3  +      =0.4HO2   +0.4CH2O  +0.6MCO3  +0.6GLYC  +0.4MGLY  +1.0MO2   
238 1.7E-12    0.00    500 .00 MRO2  +MCO3  +      =0.8HO2   +0.1MGLY  +0.9HAC   +0.9CO    +0.1CH2O  +1.0MO2   
239 1.7E-12    0.00    500 .00 B3O2  +MCO3  +      =1.0MO2   +1.0HO2   +1.0ACET  
240 1.7E-12    0.00    500 .00 R4N1  +MCO3  +      =1.0MO2   +1.0NO2   +0.4CH2O  +0.8ALD2  +0.6RCHO  +0.3R4O2  
241 1.7E-12    0.00    500 .00 MAN2  +MCO3  +      =0.5PROPNN+0.5CO    +0.5HO2   +0.5MGLY  +0.5CH2O  +0.5NO2   +0.0      +1.0MO2   
242 1.7E-12    0.00    500 .00 INO2  +MCO3  +      =1.0MO2   +0.7ISN1  +0.8HO2   +0.0MVK   +0.0MACR  +0.1CH2O  +0.3NO2   +0.2HC5   
243 1.7E-12    0.00    500 .00 PRN1  +MCO3  +      =1.0MO2   +1.0NO2   +1.0CH2O  +1.0ALD2  
244 1.9E-13    0.00    500 .00 R4O2  +MCO3  +      =1.0MEK   +1.0ACTA  
245 1.9E-13    0.00    500 .00 ATO2  +MCO3  +      =1.0MEK   +1.0ACTA  
246 1.9E-13    0.00    500 .00 KO2   +MCO3  +      =1.0MEK   +1.0ACTA  
247 1.9E-13    0.00    500 .00 RIO2  +MCO3  +      =1.0MEK   +1.0ACTA  
248 1.9E-13    0.00    500 .00 HC5OO +MCO3  +      =1.0MEK   +1.0ACTA  
249 1.9E-13    0.00    500 .00 VRO2  +MCO3  +      =1.0MEK   +1.0ACTA  
250 1.9E-13    0.00    500 .00 MRO2  +MCO3  +      =1.0MEK   +1.0ACTA  
251 1.9E-13    0.00    500 .00 R4N1  +MCO3  +      =1.0RCHO  +1.0ACTA  +1.0NO2   
252 1.9E-13    0.00    500 .00 MAN2  +MCO3  +      =1.0RCHO  +1.0ACTA  +1.0NO2   
253 1.9E-13    0.00    500 .00 INO2  +MCO3  +      =1.0RCHO  +1.0ACTA  +1.0NO2   
254 1.9E-13    0.00    500 .00 PRN1  +MCO3  +      =1.0RCHO  +1.0ACTA  +1.0NO2   
255 1.9E-13    0.00    500 .00 B3O2  +MCO3  +      =1.0ACET  +1.0ACTA  
256 1.7E-12    0.00    500 .00 MCO3  +ETO2  +      =1.0MO2   +1.0ALD2  +1.0HO2   
257 1.9E-13    0.00    500 .00 MCO3  +ETO2  +      =1.0ACTA  +1.0ALD2  
258 2.5E-12    0.00    500 .00 RCO3  +MCO3  +      =1.0MO2   +1.0ETO2  
259 2.5E-12    0.00    500 .00 MAO3  +MCO3  +      =1.0MO2   +1.0CH2O  +1.0MCO3  
260 8.5E-13    0.00  -2450 .00 NO3   +NO3   +      =2.0NO2   +1.0O2    
261 1.0E-30    4.80      0 .60 MO2   +NO2   +M     =1.0MPN   +1.0M     
262 7.2E-12    2.10      0 .00       +      +      
263 1.1E-02    4.80 -11234 .60 MPN   +      +M     =1.0MO2   +1.0NO2   
264 7.6E+16    2.10 -11234 .00       +      +      
265 0.0E+00    0.00      0 .00 EMISSI+      +      =1.0NO    
266 0.0E+00    0.00      0 .00 EMISSI+      +      =1.0NO2   
267 0.0E+00    0.00      0 .00 EMISSI+      +      =1.0CO    
268 0.0E+00    0.00      0 .00 EMISSI+      +      =1.0ALK4  
269 0.0E+00    0.00      0 .00 EMISSI+      +      =1.0ISOP  
270 0.0E+00    0.00      0 .00 EMISSI+      +      =1.0ACET  
271 0.0E+00    0.00      0 .00 EMISSI+      +      =1.0PRPE  
272 0.0E+00    0.00      0 .00 EMISSI+      +      =1.0C3H8  
273 0.0E+00    0.00      0 .00 EMISSI+      +      =1.0C2H6  
274 0.0E+00    0.00      0 .00 EMISSI+      +      =1.0MEK   
275 0.0E+00    0.00      0 .00 EMISSI+      +      =1.0ALD2  
276 0.0E+00    0.00      0 .00 EMISSI+      +      =1.0CH2O  
277 0.0E+00    0.00      0 .00 EMISSI+      +      =1.0O3    
278 0.0E+00    0.00      0 .00 EMISSI+      +      =1.0HNO3  
279 0.0E+00    0.00      0 .00 EMISSI+      +      =1.0CHBr3 
280 0.0E+00    0.00      0 .00 EMISSI+      +      =1.0CH2Br2
281 0.0E+00    0.00      0 .00 EMISSI+      +      =1.0Br2   
282 0.0E+00    0.00      0 .00 ACET  +      +      =0.0      +1.0DRYACE
283 0.0E+00    0.00      0 .00 NO2   +      +      =0.0      +1.0DRYNO2
284 0.0E+00    0.00      0 .00 PMNN  +      +      =0.0      +1.0DRYPMN
285 0.0E+00    0.00      0 .00 O3    +      +      =0.0      +1.0DRYO3 
286 0.0E+00    0.00      0 .00 PAN   +      +      =0.0      +1.0DRYPAN
287 0.0E+00    0.00      0 .00 HNO3  +      +      =0.0      +1.0DRYHNO
288 0.0E+00    0.00      0 .00 CH2O  +      +      =0.0      +1.0DRYCH2
289 0.0E+00    0.00      0 .00 N2O5  +      +      =0.0      +1.0DRYN2O
290 0.0E+00    0.00      0 .00 H2O2  +      +      =0.0      +1.0DRYH2O
291 0.0E+00    0.00      0 .00 PMN   +      +      =0.0      +1.0DRYPMN
292 0.0E+00    0.00      0 .00 PPN   +      +      =0.0      +1.0DRYPPN
293 0.0E+00    0.00      0 .00 R4N2  +      +      =0.0      +1.0DRYR4N
294 0.0E+00    0.00      0 .00 MVK   +      +      =0.0      +1.0DRYMVK
295 0.0E+00    0.00      0 .00 MACR  +      +      =0.0      +1.0DRYMAC
296 0.0E+00    0.00      0 .00 HAC   +      +      =0.0      +1.0DRYHAC
297 0.0E+00    0.00      0 .00 ALD2  +      +      =0.0      +1.0DRYALD
298 0.0E+00    0.00      0 .00 IEPOX +      +      =0.0      +1.0DRYIEP
299 0.0E+00    0.00      0 .00 RIP   +      +      =0.0      +1.0DRYRIP
300 0.0E+00    0.00      0 .00 ISOPND+      +      =0.0      +1.0DRYISO
301 0.0E+00    0.00      0 .00 ISOPNB+      +      =0.0      +1.0DRYISO
302 1.1E-16    0.00      0 .00 ISOPNB+O3    +      =0.6MVKN  +0.4MACRN +0.3OH    +1.0CH2O  
303 5.3E-17    0.00      0 .00 ISOPND+O3    +      =0.5PROPNN+0.5ETHLN +0.3OH    +0.5GLYC  +0.5HAC   
304 0.0E+00    0.00      0 .00 PROPNN+      +      =0.0      +1.0DRYPRO
305 0.0E+00    0.00      0 .00 MACRN +      +      =0.0      +1.0DRYMAC
306 0.0E+00    0.00      0 .00 MVKN  +      +      =0.0      +1.0DRYMVK
307 0.0E+00    0.00      0 .00 HCOOH +      +      =0.0      +1.0DRYHCO
308 0.0E+00    0.00      0 .00 ACTA  +      +      =0.0      +1.0DRYACT
309 3.3E+01    0.20      0 .00 HO2   +      +      
310 4.6E+01    0.00      0 .00 NO2   +      +      =0.5HNO3  +0.5HNO2  
311 6.2E+01    0.10      0 .00 NO3   +      +      =1.0HNO3  
312 1.1E+02    0.10      0 .00 N2O5  +      +      =2.0HNO3  
313 1.2E-11    0.00   -280 .00 DMS   +OH    +      =1.0SO2   +1.0MO2   +1.0CH2O  
314 8.2E-39    0.00   5376 .00 DMS   +OH    +O2    =0.8SO2   +0.2MSA   +1.0MO2   
315 1.0E-05    0.00   3644 .00       +      +      
316 1.9E-13    0.00    530 .00 DMS   +NO3   +      =1.0SO2   +1.0HNO3  +1.0MO2   +1.0CH2O  
317 3.3E-31    4.30      0 .60 SO2   +OH    +M     =1.0SO4   +1.0HO2   
318 1.6E-12    0.00      0 .00       +      +      
319 1.7E-11    0.00   -800 .00 Br    +O3    +      =1.0BrO   +1.0O2    
320 4.5E-12    0.00    460 .00 BrO   +HO2   +      =1.0HOBr  +1.0O2    
321 4.8E-12    0.00   -310 .00 Br    +HO2   +      =1.0HBr   +1.0O2    
322 5.5E-12    0.00    200 .00 HBr   +OH    +      =1.0Br    +1.0H2O   
323 2.4E-12    0.00     40 .00 BrO   +BrO   +      =2.0Br    +1.0O2    
324 2.8E-14    0.00    860 .00 BrO   +BrO   +      =1.0Br2   +1.0O2    
325 8.8E-12    0.00    260 .00 BrO   +NO    +      =1.0Br    +1.0NO2   
326 4.9E-11    0.00      0 .00 Br    +BrNO3 +      =1.0Br2   +1.0NO3   
327 2.1E-11    0.00    240 .00 Br2   +OH    +      =1.0HOBr  +1.0Br    
328 1.7E-11    0.00    250 .00 BrO   +OH    +      =1.0Br    +1.0HO2   
329 1.6E-11    0.00      0 .00 Br    +NO3   +      =1.0BrO   +1.0NO2   
330 1.7E-11    0.00   -800 .00 Br    +CH2O  +      =1.0HBr   +1.0HO2   +1.0CO    
331 1.3E-11    0.00   -360 .00 Br    +ALD2  +      =1.0HBr   +1.0MCO3  +1.0CO    
332 1.7E-10    0.00  -7000 .00 Br    +ACET  +      =1.0HBr   +1.0ATO2  +1.0CO    
333 2.4E-10    0.00  -6411 .00 Br    +C2H6  +      =1.0HBr   +1.0ETO2  +1.0CO    
334 8.8E-11    0.00  -4330 .00 Br    +C3H8  +      =1.0HBr   +1.0A3O2  +1.0CO    
335 4.2E-31    2.40      0 .60 Br    +NO2   +M     =1.0BrNO2 
336 2.7E-11    0.00      0 .00       +      +      
337 5.2E-31    3.20      0 .60 BrO   +NO2   +M     =1.0BrNO3 
338 6.9E-12    2.90      0 .00       +      +      
339 1.3E-12    0.00   -600 .00 CHBr3 +OH    +      =3.0Br    
340 2.0E-12    0.00   -840 .00 CH2Br2+OH    +      =2.0Br    
341 2.3E-12    0.00  -1300 .00 CH3Br +OH    +      =1.0Br    
342 1.4E+02    0.30      0 .00 BrNO3 +      +      =1.0HOBr  +1.0HNO3  
343 9.7E+01    0.20      0 .00 HOBr  +      +      =0.5Br2   +1.0H2O   
344 8.1E+01    0.20      0 .00 HBr   +      +      =0.5Br2   
345 9.7E+01    0.10      0 .00 HOBr  +      +      =0.5Br2   +1.0H2O   
346 8.1E+01    0.10      0 .00 HBr   +      +      =0.5Br2   
347 0.0E+00    0.00      0 .00 HOBr  +      +      =0.0      +1.0DRYHOB
348 0.0E+00    0.00      0 .00 HBr   +      +      =0.0      +1.0DRYHBr
349 0.0E+00    0.00      0 .00 BrNO3 +      +      =0.0      +1.0DRYBrN
350 0.0E+00    0.00      0 .00 Br2   +      +      =0.0      +1.0DRYBr2
351 3.4E-11    0.00    380 .00 HC5   +OH    +      =1.0HC5OO 
352 2.7E-12    0.00    350 .00 HC5OO +NO    +      =1.0NO2   +0.2GLYX  +0.2MGLY  +0.2GLYC  +0.2HAC   +0.3DHMOB +0.2MOBA  +0.1RCHO  +1.0HO2   +0.1CO    
353 5.0E+00    0.00      0 .00       +      +      
354 2.7E-12    0.00    350 .00 HC5OO +NO    +      =1.0HNO3  
355 5.0E+00    0.00      0 .00       +      +      
356 2.9E-13    0.00   1300 .00 HC5OO +HO2   +      =0.1IAP   +0.9OH    +0.9MGLY  +0.9GLYC  +0.9HO2   
357 5.0E+00    0.00      0 .00       +      +      
358 2.6E-11    0.00    380 .00 ISOPND+OH    +      =1.0ISOPND
359 3.6E-12    0.00    380 .00 ISOPNB+OH    +      =1.0ISOPNB
360 2.7E-12    0.00    350 .00 ISOPND+NO    +      =0.1MACRN +0.3HCOOH +0.4HAC   +0.1ETHLN +0.7CH2O  +1.3NO2   +0.1GLYC  +0.3NO3   +0.1PROPNN+0.3MEK   +0.3HO2   
361 5.0E+00    0.00      0 .00       +      +      
362 2.7E-12    0.00    350 .00 ISOPND+NO    +      =1.0HNO3  
363 5.0E+00    0.00      0 .00       +      +      
364 2.9E-13    0.00   1300 .00 ISOPND+HO2   +      =0.0MACRN +0.2HCOOH +0.2HAC   +0.1ETHLN +0.3CH2O  +0.2NO2   +0.1GLYC  +0.2NO3   +0.1PROPNN+0.2MEK   +0.2HO2   +0.5OH    +0.5ISNP  
365 5.0E+00    0.00      0 .00       +      +      
366 2.7E-12    0.00    350 .00 ISOPNB+NO    +      =0.6GLYC  +0.6HAC   +0.4CH2O  +0.3MACRN +0.4HO2   +0.1MVKN  +1.6NO2   
367 5.0E+00    0.00      0 .00       +      +      
368 2.7E-12    0.00    350 .00 ISOPNB+NO    +      =1.0HNO3  
369 5.0E+00    0.00      0 .00       +      +      
370 2.9E-13    0.00   1300 .00 ISOPNB+HO2   +      =0.3GLYC  +0.3HAC   +0.2CH2O  +0.1MACRN +0.1MVKN  +0.3NO2   +0.2HO2   +0.5OH    +0.5ISNP  
371 5.0E+00    0.00      0 .00       +      +      
372 4.7E-12    0.00    200 .00 ISNP  +OH    +      =0.6OH    +0.6R4N1  +0.2ISOPNB+0.2ISOPND
373 1.5E-12    0.00    380 .00 MVKN  +OH    +      =0.7HCOOH +1.0NO3   +0.7MGLY  +0.3CH2O  +0.3PYAC  
374 1.4E-11    0.00    380 .00 MACRN +OH    +      =1.0MACRNO
375 2.7E-12    0.00    350 .00 MACRNO+NO    +      =0.1ACTA  +0.1CH2O  +0.1NO3   +0.1HCOOH +0.1MGLY  +0.8HAC   +0.8NO2   +0.0      +1.0NO2   
376 2.9E-13    0.00   1300 .00 MACRNO+HO2   +      =0.1ACTA  +0.1CH2O  +0.1NO3   +0.1HCOOH +0.1MGLY  +0.8HAC   +0.8NO2   +0.0      +1.0OH    
377 4.0E+00    0.00      0 .00       +      +      
378 9.0E-28    8.90      0 .60 MACRNO+NO2   +M     =1.0PMNN  
379 7.7E-12    0.20      0 .00       +      +      
380 9.0E-29    0.00  14000 .00 PMNN  +      +      =1.0MACRNO+1.0NO2   
381 2.5E-12    0.00    410 .00 DHMOB +OH    +      =1.5CO    +1.0HO2   +0.5HAC   +0.5MEK   
382 2.7E-12    0.00    350 .00 DIBOO +NO    +      =1.0HO2   +1.0NO2   +0.5GLYC  +0.5MGLY  +0.5HAC   +0.5GLYX  
383 5.0E+00    0.00      0 .00       +      +      
384 2.7E-12    0.00    350 .00 DIBOO +NO    +      =1.0HNO3  
385 5.0E+00    0.00      0 .00       +      +      
386 2.9E-13    0.00   1300 .00 DIBOO +HO2   +      =0.1HO2   +0.1OH    +0.1GLYC  +0.1MGLY  +0.1HAC   +0.1GLYX  +0.8R4P   
387 5.0E+00    0.00      0 .00       +      +      
388 7.9E-12    0.00    380 .00 MOBA  +OH    +      =1.0MOBAOO
389 2.7E-12    0.00    350 .00 MOBAOO+NO    +      =1.0RCHO  +0.0      +1.0HO2   +1.0NO2   
390 5.0E+00    0.00      0 .00       +      +      
391 2.7E-12    0.00    350 .00 MOBAOO+NO    +      =1.0HNO3  
392 5.0E+00    0.00      0 .00       +      +      
393 2.9E-13    0.00   1300 .00 MOBAOO+HO2   +      =0.5OH    +0.5HO2   +0.5RCHO  +0.0      +0.5R4P   
394 4.0E+00    0.00      0 .00       +      +      
395 2.0E-17    0.00      0 .00 MOBA  +O3    +      =1.0OH    +1.0HO2   +0.0      +1.0MEK   
396 1.0E-11    0.00      0 .00 ETHLN +OH    +      =1.0CH2O  +0.0      +1.0NO2   
397 1.0E-15    0.00      0 .00 PROPNN+OH    +      =1.0NO2   +1.0MGLY  

===============================================================================
PHOTOPROCESS REACTIONS FOR URBAN CHEMISTRY
===============================================================================

NMBR   DEFP (S-1)                        REACTION
398 3.6E+01    0.00      0 .00 O3    +      +      =1.0OH    +1.0OH    
399 3.6E+01    0.00      0 .00 O3    +      +      =1.0HO2   +1.0OH    
400 3.5E+01    0.00      0 .00 NO2   +      +      =1.0NO    +1.0O3    
401 3.8E+01    0.00      0 .00 H2O2  +      +      =1.0OH    +1.0OH    
402 3.0E+01    0.00      0 .00 MP    +      +      =1.0CH2O  +1.0HO2   +1.0OH    
403 4.0E+01    0.00      0 .00 CH2O  +      +      =1.0HO2   +1.0HO2   +1.0CO    
404 4.0E+01    0.00      0 .00 CH2O  +      +      =1.0H2    +1.0CO    
405 4.3E+01    0.00      0 .00 HNO3  +      +      =1.0OH    +1.0NO2   
406 3.0E+01    0.00      0 .00 HNO2  +      +      =1.0OH    +1.0NO    
407 3.0E+01    0.00      0 .00 HNO4  +      +      =1.0OH    +1.0NO3   
408 3.7E+01    0.00      0 .00 NO3   +      +      =1.0NO2   +1.0O3    
409 3.7E+01    0.00      0 .00 NO3   +      +      =1.0NO    +1.0O2    
410 3.4E+01    0.00      0 .00 N2O5  +      +      =1.0NO3   +1.0NO2   
411 3.4E+01    0.00      0 .00 N2O5  +      +      =1.0NO3   +1.0NO    +1.0O3    
412 3.0E+01    0.00      0 .00 HNO4  +      +      =1.0HO2   +1.0NO2   
413 3.0E+01    0.00      0 .00 ALD2  +      +      =1.0MO2   +1.0HO2   +1.0CO    
414 3.0E+01    0.00      0 .00 ALD2  +      +      =1.0CH4   +1.0CO    
415 4.1E+01    0.00      0 .00 PAN   +      +      =0.6MCO3  +0.6NO2   +0.4MO2   +0.4NO3   
416 3.0E+01    0.00      0 .00 RCHO  +      +      =1.0ETO2  +1.0HO2   +1.0CO    
417 3.0E+01    0.00      0 .00 ACET  +      +      =1.0MCO3  +1.0MO2   
418 3.0E+01    0.00      0 .00 ACET  +      +      =2.0MO2   +1.0CO    
419 3.0E+01    0.00      0 .00 MEK   +      +      =0.8MCO3  +0.8ETO2  +0.1MO2   +0.1RCO3  
420 3.0E+01    0.00      0 .00 GLYC  +      +      =1.0CH2O  +2.0HO2   +1.0CO    
421 3.0E+01    0.00      0 .00 GLYX  +      +      =0.5H2    +1.0CO    +0.5CH2O  +0.5CO    
422 3.0E+01    0.00      0 .00 GLYX  +      +      =2.0CO    +2.0HO2   
423 3.0E+01    0.00      0 .00 MGLY  +      +      =1.0MCO3  +1.0CO    +1.0HO2   
424 3.0E+01    0.00      0 .00 MGLY  +      +      =1.0ALD2  +1.0CO    
425 3.0E+01    0.00      0 .00 MVK   +      +      =1.0PRPE  +1.0CO    
426 3.0E+01    0.00      0 .00 MVK   +      +      =1.0MCO3  +1.0CH2O  +1.0CO    +1.0HO2   
427 3.0E+01    0.00      0 .00 MVK   +      +      =1.0MO2   +1.0MAO3  
428 3.0E+01    0.00      0 .00 MACR  +      +      =1.0MAO3  +1.0HO2   
429 3.0E+01    0.00      0 .00 MACR  +      +      =1.0CO    +1.0HO2   +1.0CH2O  +1.0MCO3  
430 2.6E+01    0.00      0 .00 HAC   +      +      =1.0MCO3  +1.0CH2O  +1.0HO2   
431 2.4E+01    0.00      0 .00 INPN  +      +      =1.0OH    +1.0HO2   +1.0RCHO  +1.0NO2   
432 2.4E+01    0.00      0 .00 PRPN  +      +      =1.0OH    +1.0HO2   +1.0RCHO  +1.0NO2   
433 2.4E+01    0.00      0 .00 ETP   +      +      =1.0OH    +1.0HO2   +1.0ALD2  
434 2.4E+01    0.00      0 .00 RA3P  +      +      =1.0OH    +1.0HO2   +1.0RCHO  
435 2.4E+01    0.00      0 .00 RB3P  +      +      =1.0OH    +1.0HO2   +1.0ACET  
436 2.4E+01    0.00      0 .00 R4P   +      +      =1.0OH    +1.0HO2   +1.0RCHO  
437 2.4E+01    0.00      0 .00 PP    +      +      =1.0OH    +1.0HO2   +1.0ALD2  +1.0CH2O  
438 2.4E+01    0.00      0 .00 RP    +      +      =1.0OH    +1.0HO2   +1.0ALD2  
439 2.4E+01    0.00      0 .00 RIP   +      +      =1.0OH    +1.0HO2   +0.7CH2O  +0.4MVK   +0.3MACR  +0.3HC5   
440 2.4E+01    0.00      0 .00 IAP   +      +      =1.0OH    +1.0HO2   +0.7CO    +0.2H2    +0.4HAC   +0.3GLYC  +0.6MGLY  
441 2.4E+01    0.00      0 .00 ISNP  +      +      =1.0OH    +1.0HO2   +1.0RCHO  +1.0NO2   
442 2.4E+01    0.00      0 .00 VRP   +      +      =1.0OH    +0.3HO2   +0.3CH2O  +0.7MCO3  +0.7GLYC  +0.3MGLY  
443 2.4E+01    0.00      0 .00 MRP   +      +      =1.0OH    +1.0HO2   +1.0HAC   +0.5CO    +0.5CH2O  
444 2.4E+01    0.00      0 .00 MAOP  +      +      =1.0OH    +1.0CH2O  +1.0MCO3  
445 2.5E+01    0.00      0 .00 R4N2  +      +      =1.0NO2   +0.3ACET  +0.2MEK   +0.2MO2   +0.3HO2   +0.3ALD2  +0.1RCHO  +0.1A3O2  +0.2B3O2  +0.3ETO2  
446 2.4E+01    0.00      0 .00 MAP   +      +      =1.0OH    +1.0MO2   
447 2.4E+01    0.00      0 .00 MACRN +      +      =1.0NO2   +1.0HAC   +1.0MGLY  +0.5CH2O  +1.0HO2   +0.5CO    
448 2.4E+01    0.00      0 .00 MVKN  +      +      =1.0GLYC  +1.0NO2   +1.0MCO3  
449 2.4E+01    0.00      0 .00 ISOPNB+      +      =1.0HC5   +1.0NO2   +1.0HO2   
450 8.4E+01    0.00      0 .00 Br2   +      +      =2.0Br    
451 8.5E+01    0.00      0 .00 BrO   +      +      =1.0Br    +1.0O3    
452 8.3E+01    0.00      0 .00 HOBr  +      +      =1.0Br    +1.0OH    
453 8.2E+01    0.00      0 .00 BrNO3 +      +      =1.0Br    +1.0NO3   
454 8.2E+01    0.00      0 .00 BrNO3 +      +      =1.0BrO   +1.0NO2   
455 8.1E+01    0.00      0 .00 BrNO2 +      +      =1.0Br    +1.0NO2   
456 2.4E+01    0.00      0 .00 CHBr3 +      +      =3.0Br    
457 3.0E+01    0.00      0 .00 MPN   +      +      =1.0CH2O  +1.0NO3   +1.0HO2   
458 3.0E+01    0.00      0 .00 MPN   +      +      =1.0MO2   +1.0NO2   
459 2.4E+01    0.00      0 .00 ISOPND+      +      =1.0HC5   +1.0NO2   +1.0HO2   
460 2.4E+01    0.00      0 .00 PROPNN+      +      =1.0CH2O  +1.0NO2   +1.0CO    +1.0MO2   
461 2.4E+01    0.00      0 .00 ATOOH +      +      =1.0OH    +1.0CH2O  +1.0MCO3  

Family  1 is POX   prod with 14 members
ind  species jnum  coef
 1   O3      65    1.0
 1   NO2     63    1.0
 1   NO3     64    2.0
 1   PAN     67    1.0
 1   PMN     68    1.0
 1   PPN     71    1.0
 1   HNO4    35    1.0
 1   N2O5    61    3.0
 1   HNO3    34    1.0
 1   BrO     96    1.0
 1   HOBr    97    1.0
 1   BrNO2   99    1.0
 1   BrNO3  100    2.0
 1   MPN    108    1.0

Family  2 is LOX   loss with 14 members
ind  species jnum  coef
 2   O3      65    1.0
 2   NO2     63    1.0
 2   NO3     64    2.0
 2   PAN     67    1.0
 2   PMN     68    1.0
 2   PPN     71    1.0
 2   HNO4    35    1.0
 2   N2O5    61    3.0
 2   HNO3    34    1.0
 2   BrO     96    1.0
 2   HOBr    97    1.0
 2   BrNO2   99    1.0
 2   BrNO3  100    2.0
 2   MPN    108    1.0

Family  3 is PCO   prod with  1 members
ind  species jnum  coef
 3   CO      10    1.0

Family  4 is LCO   loss with  1 members
ind  species jnum  coef
 4   CO      10    1.0

Family  5 is PBrOx prod with  2 members
ind  species jnum  coef
 5   Br      95    1.0
 5   BrO     96    1.0

Family  6 is PBry  prod with  7 members
ind  species jnum  coef
 6   Br2     94    2.0
 6   Br      95    1.0
 6   BrO     96    1.0
 6   HOBr    97    1.0
 6   HBr     98    1.0
 6   BrNO2   99    1.0
 6   BrNO3  100    1.0

Family  7 is LBry  loss with  7 members
ind  species jnum  coef
 7   Br2     94    2.0
 7   Br      95    1.0
 7   BrO     96    1.0
 7   HOBr    97    1.0
 7   HBr     98    1.0
 7   BrNO2   99    1.0
 7   BrNO3  100    1.0

===============================================================================
Here are the prod and loss reactions
===============================================================================

Family POX   prod -- no of rxns is   78     coefficient
  1   6 OH    + OH    = H2O   + O3          1.000000E+00
  2  11 HO2   + NO    = OH    + NO2         1.000000E+00
  3  17 MO2   + NO    = CH2O  + HO2  + ...  1.000000E+00
  4  30 HNO3  + OH    = H2O   + NO3         1.000000E+00
  5  35 HNO2  + OH    = H2O   + NO2         1.000000E+00
  6  57 MCO3  + NO    = MO2   + NO2         1.000000E+00
  7  59 ETO2  + NO    = ALD2  + NO2  + ...  1.000000E+00
  8  64 A3O2  + NO    = NO2   + HO2  + ...  1.000000E+00
  9  65 PO2   + NO    = NO2   + HO2  + ...  1.000000E+00
 10  67 R4O2  + NO    = NO2   + ACET + ...  1.000000E+00
 11  71 R4N1  + NO    = NO2   + CH2O + ...  2.000000E+00
 12  72 ATO2  + NO    = NO2   + CH2O + ...  9.600000E-01
 13  73 KO2   + NO    = NO2   + ALD2 + ...  9.300000E-01
 14  74 RIO2  + NO    = NO2   + HO2  + ...  8.830000E-01
 15  76 VRO2  + NO    = NO2   + HO2  + ...  8.800000E-01
 16  77 MRO2  + NO    = NO2   + HO2  + ...  8.500000E-01
 17  79 MAN2  + NO    = NO2   + CH2O + ...  1.500000E+00
 18  80 B3O2  + NO    = NO2   + HO2  + ...  1.000000E+00
 19  81 INO2  + NO    = NO2   + HO2  + ...  1.300000E+00
 20  85 ISNOO + NO    = NO2   + R4N2 + ...  1.000000E+00
 21  88 ISNOO + HO2   = RP    + RCOOH+ ...  2.500000E-01
 22  90 ISNOO + NO    = R4N2  + GLYX + ...  1.880000E+00
 23  92 ISNOO + MO2   = R4N2  + GLYX + ...  7.000000E-01
 24  98 INO2  + INO2  = NO2   + HO2  + ...  3.000000E-01
 25  99 PRN1  + NO    = NO2   + CH2O + ...  2.000000E+00
 26 110 RCO3  + NO    = NO2   + ETO2        1.000000E+00
 27 111 MAO3  + NO    = NO2   + CH2O + ...  1.000000E+00
 28 128 MAN2  + HO2   = PROPN + CO   + ...  7.500000E-02
 29 140 R4N1  + MO2   = NO2   + CH2O + ...  1.000000E+00
 30 148 MAN2  + MO2   = PROPN + CO   + ...  3.750000E-01
 31 150 INO2  + MO2   = NO2   + HO2  + ...  1.500000E-01
 32 151 PRN1  + MO2   = NO2   + CH2O + ...  1.000000E+00
 33 161 HO2   + MCO3  = MAP   + ACTA + ...  1.500000E-01
 34 162 RCO3  + HO2   = RP    + RCOOH+ ...  1.500000E-01
 35 163 MAO3  + HO2   = OH    + O3   + ...  1.500000E-01
 36 195 INPN  + OH    = OH    + NO2  + ...  1.000000E+00
 37 209 IEPOX + NO    = HAC   + GLYC + ...  1.000000E+00
 38 222 MAOPO + NO    = HAC   +      + ...  1.000000E+00
 39 224 MAOPO + NO    = HNO3  +             1.000000E+00
 40 240 R4N1  + MCO3  = MO2   + NO2  + ...  1.000000E+00
 41 241 MAN2  + MCO3  = PROPN + CO   + ...  5.000000E-01
 42 242 INO2  + MCO3  = MO2   + ISN1 + ...  3.000000E-01
 43 243 PRN1  + MCO3  = MO2   + NO2  + ...  1.000000E+00
 44 251 R4N1  + MCO3  = RCHO  + ACTA + ...  1.000000E+00
 45 252 MAN2  + MCO3  = RCHO  + ACTA + ...  1.000000E+00
 46 253 INO2  + MCO3  = RCHO  + ACTA + ...  1.000000E+00
 47 254 PRN1  + MCO3  = RCHO  + ACTA + ...  1.000000E+00
 48 327 Br2   + OH    = HOBr  + Br          1.000000E+00
 49 352 HC5OO + NO    = NO2   + GLYX + ...  1.000000E+00
 50 354 HC5OO + NO    = HNO3  +             1.000000E+00
 51 360 ISOPN + NO    = MACRN + HCOOH+ ...  1.960000E+00
 52 362 ISOPN + NO    = HNO3  +             1.000000E+00
 53 364 ISOPN + HO2   = MACRN + HCOOH+ ...  4.800000E-01
 54 366 ISOPN + NO    = GLYC  + HAC  + ...  1.600000E+00
 55 368 ISOPN + NO    = HNO3  +             1.000000E+00
 56 370 ISOPN + HO2   = GLYC  + HAC  + ...  3.000000E-01
 57 373 MVKN  + OH    = HCOOH + NO3  + ...  2.000000E+00
 58 375 MACRN + NO    = ACTA  + CH2O + ...  2.150000E+00
 59 376 MACRN + HO2   = ACTA  + CH2O + ...  1.150000E+00
 60 380 PMNN  +       = MACRN + NO2         1.000000E+00
 61 382 DIBOO + NO    = HO2   + NO2  + ...  1.000000E+00
 62 384 DIBOO + NO    = HNO3  +             1.000000E+00
 63 389 MOBAO + NO    = RCHO  +      + ...  1.000000E+00
 64 391 MOBAO + NO    = HNO3  +             1.000000E+00
 65 396 ETHLN + OH    = CH2O  +      + ...  1.000000E+00
 66 397 PROPN + OH    = NO2   + MGLY        1.000000E+00
 67 407 HNO4  +  hv   = OH    + NO3         1.000000E+00
 68 415 PAN   +  hv   = MCO3  + NO2  + ...  4.000000E-01
 69 431 INPN  +  hv   = OH    + HO2  + ...  1.000000E+00
 70 432 PRPN  +  hv   = OH    + HO2  + ...  1.000000E+00
 71 441 ISNP  +  hv   = OH    + HO2  + ...  1.000000E+00
 72 445 R4N2  +  hv   = NO2   + ACET + ...  1.000000E+00
 73 447 MACRN +  hv   = NO2   + HAC  + ...  1.000000E+00
 74 448 MVKN  +  hv   = GLYC  + NO2  + ...  1.000000E+00
 75 449 ISOPN +  hv   = HC5   + NO2  + ...  1.000000E+00
 76 457 MPN   +  hv   = CH2O  + NO3  + ...  1.000000E+00
 77 459 ISOPN +  hv   = HC5   + NO2  + ...  1.000000E+00
 78 460 PROPN +  hv   = CH2O  + NO2  + ...  1.000000E+00

Family LOX   loss -- no of rxns is   46     coefficient
  1   2 O3    + OH    = HO2   + O2         -1.000000E+00
  2   3 O3    + HO2   = OH    + O2   + ... -1.000000E+00
  3   5 O3    + MO2   = CH2O  + HO2  + ... -1.000000E+00
  4  41 HO2   + NO3   = OH    + NO2  + ... -1.000000E+00
  5  43 OH    + NO3   = HO2   + NO2        -1.000000E+00
  6  50 NO2   + NO3   = NO    + NO2  + ... -2.000000E+00
  7  51 NO3   + CH2O  = HNO3  + HO2  + ... -1.000000E+00
  8  53 ALD2  + NO3   = HNO3  + MCO3       -1.000000E+00
  9  82 INO2  + NO3   = NO2   + HO2  + ... -7.000000E-01
 10  83 ISN1  + NO3   = ISNOO + ISNOO+ ... -1.400000E+00
 11  84 ISNOO + NO3   = NO2   + R4N2 + ... -1.000000E+00
 12  93 ISN1  + O3    = R4N2  + GLYX + ... -3.000000E-01
 13 100 ALK4  + NO3   = HNO3  + R4O2       -1.000000E+00
 14 112 RCHO  + NO3   = HNO3  + RCO3       -1.000000E+00
 15 138 MEK   + NO3   = HNO3  + KO2        -1.000000E+00
 16 166 PRPE  + O3    = ALD2  + OH   + ... -1.000000E+00
 17 168 PMN   + O3    = NO2   + CH2O + ... -1.000000E+00
 18 171 PRPE  + NO3   = PRN1  +            -2.000000E+00
 19 174 GLYX  + NO3   = HNO3  + HO2  + ... -1.000000E+00
 20 175 MGLY  + NO3   = HNO3  + CO   + ... -1.000000E+00
 21 185 ISOP  + O3    = MVK   + MACR + ... -1.000000E+00
 22 186 MVK   + O3    = OH    + HO2  + ... -1.000000E+00
 23 187 MACR  + O3    = OH    + HO2  + ... -1.000000E+00
 24 188 ISOP  + NO3   = INO2  +            -2.000000E+00
 25 189 MACR  + NO3   = MAN2  +            -2.000000E+00
 26 190 MACR  + NO3   = MAO3  + HNO3       -1.000000E+00
 27 227 C2H6  + NO3   = ETO2  + HNO3       -1.000000E+00
 28 228 HC5   + O3    = MGLY  + OH   + ... -7.000000E-01
 29 260 NO3   + NO3   = NO2   + O2         -2.000000E+00
 30 302 ISOPN + O3    = MVKN  + MACRN+ ... -1.000000E+00
 31 303 ISOPN + O3    = PROPN + ETHLN+ ... -1.000000E+00
 32 310 NO2   +       = HNO3  + HNO2       -5.000000E-01
 33 311 NO3   +       = HNO3  +            -1.000000E+00
 34 312 N2O5  +       = HNO3  +            -1.000000E+00
 35 316 DMS   + NO3   = SO2   + HNO3 + ... -1.000000E+00
 36 323 BrO   + BrO   = Br    + O2         -2.000000E+00
 37 324 BrO   + BrO   = Br2   + O2         -2.000000E+00
 38 328 BrO   + OH    = Br    + HO2        -1.000000E+00
 39 343 HOBr  +       = Br2   + H2O        -1.000000E+00
 40 345 HOBr  +       = Br2   + H2O        -1.000000E+00
 41 378 MACRN + NO2   = PMNN  +            -1.000000E+00
 42 395 MOBA  + O3    = OH    + HO2        -1.000000E+00
 43 398 O3    +  hv   = OH    + OH         -1.000000E+00
 44 399 O3    +  hv   = HO2   + OH         -1.000000E+00
 45 409 NO3   +  hv   = NO    + O2         -2.000000E+00
 46 452 HOBr  +  hv   = Br    + OH         -1.000000E+00

Family PCO   prod -- no of rxns is   57     coefficient
  1  27 CH2O  + OH    = CO    + HO2  + ...  1.000000E+00
  2  51 NO3   + CH2O  = HNO3  + HO2  + ...  1.000000E+00
  3  52 ALD2  + OH    = MCO3  + CH2O + ...  5.000000E-02
  4  77 MRO2  + NO    = NO2   + HO2  + ...  7.280000E-01
  5  78 MRO2  +       = CO    + HAC  + ...  1.000000E+00
  6  79 MAN2  + NO    = NO2   + CH2O + ...  5.000000E-01
  7  84 ISNOO + NO3   = NO2   + R4N2 + ...  1.000000E+00
  8  85 ISNOO + NO    = NO2   + R4N2 + ...  1.000000E+00
  9 111 MAO3  + NO    = NO2   + CH2O + ...  5.000000E-01
 10 128 MAN2  + HO2   = PROPN + CO   + ...  7.500000E-02
 11 145 HC5OO + MO2   = HO2   + CO   + ...  3.300000E-01
 12 147 MRO2  + MO2   = HAC   + MGLY + ...  5.950000E-01
 13 148 MAN2  + MO2   = PROPN + CO   + ...  3.750000E-01
 14 163 MAO3  + HO2   = OH    + O3   + ...  3.900000E-01
 15 166 PRPE  + O3    = ALD2  + OH   + ...  4.200000E-01
 16 167 PMN   + OH    = HAC   + CO   + ...  1.000000E+00
 17 169 GLYC  + OH    = CH2O  +      + ...  5.050000E-01
 18 170 GLYC  + OH    = HCOOH + OH   + ...  1.000000E+00
 19 172 GLYX  + OH    = HO2   + CO          2.000000E+00
 20 173 MGLY  + OH    = MCO3  + CO          1.000000E+00
 21 174 GLYX  + NO3   = HNO3  + HO2  + ...  2.000000E+00
 22 175 MGLY  + NO3   = HNO3  + CO   + ...  1.000000E+00
 23 180 HAC   + OH    = HCOOH + OH   + ...  5.000000E-01
 24 185 ISOP  + O3    = MVK   + MACR + ...  5.220000E-01
 25 186 MVK   + O3    = OH    + HO2  + ...  5.350000E-01
 26 187 MACR  + O3    = OH    + HO2  + ...  5.690000E-01
 27 207 IEPOX + HO2   = HAC   + GLYC + ...  2.510000E-01
 28 209 IEPOX + NO    = HAC   + GLYC + ...  2.510000E-01
 29 228 HC5   + O3    = MGLY  + OH   + ...  4.000000E-01
 30 236 HC5OO + MCO3  = GLYX  + MGLY + ...  9.000000E-02
 31 238 MRO2  + MCO3  = HO2   + MGLY + ...  8.570000E-01
 32 241 MAN2  + MCO3  = PROPN + CO   + ...  5.000000E-01
 33 330 Br    + CH2O  = HBr   + HO2  + ...  1.000000E+00
 34 331 Br    + ALD2  = HBr   + MCO3 + ...  1.000000E+00
 35 332 Br    + ACET  = HBr   + ATO2 + ...  1.000000E+00
 36 333 Br    + C2H6  = HBr   + ETO2 + ...  1.000000E+00
 37 334 Br    + C3H8  = HBr   + A3O2 + ...  1.000000E+00
 38 352 HC5OO + NO    = NO2   + GLYX + ...  9.000000E-02
 39 381 DHMOB + OH    = CO    + HO2  + ...  1.500000E+00
 40 403 CH2O  +  hv   = HO2   + HO2  + ...  1.000000E+00
 41 404 CH2O  +  hv   = H2    + CO          1.000000E+00
 42 413 ALD2  +  hv   = MO2   + HO2  + ...  1.000000E+00
 43 414 ALD2  +  hv   = CH4   + CO          1.000000E+00
 44 416 RCHO  +  hv   = ETO2  + HO2  + ...  1.000000E+00
 45 418 ACET  +  hv   = MO2   + CO          1.000000E+00
 46 420 GLYC  +  hv   = CH2O  + HO2  + ...  1.000000E+00
 47 421 GLYX  +  hv   = H2    + CO   + ...  1.500000E+00
 48 422 GLYX  +  hv   = CO    + HO2         2.000000E+00
 49 423 MGLY  +  hv   = MCO3  + CO   + ...  1.000000E+00
 50 424 MGLY  +  hv   = ALD2  + CO          1.000000E+00
 51 425 MVK   +  hv   = PRPE  + CO          1.000000E+00
 52 426 MVK   +  hv   = MCO3  + CH2O + ...  1.000000E+00
 53 429 MACR  +  hv   = CO    + HO2  + ...  1.000000E+00
 54 440 IAP   +  hv   = OH    + HO2  + ...  6.700000E-01
 55 443 MRP   +  hv   = OH    + HO2  + ...  5.000000E-01
 56 447 MACRN +  hv   = NO2   + HAC  + ...  5.000000E-01
 57 460 PROPN +  hv   = CH2O  + NO2  + ...  1.000000E+00

Family LCO   loss -- no of rxns is    1     coefficient
  1  15 CO    + OH    = HO2   +            -1.000000E+00

Family PBrOx prod -- no of rxns is   11     coefficient
  1 322 HBr   + OH    = Br    + H2O         1.000000E+00
  2 327 Br2   + OH    = HOBr  + Br   + ...  1.000000E+00
  3 339 CHBr3 + OH    = Br    +             3.000000E+00
  4 340 CH2Br + OH    = Br    +             2.000000E+00
  5 341 CH3Br + OH    = Br    +             1.000000E+00
  6 450 Br2   +  hv   = Br    +             2.000000E+00
  7 452 HOBr  +  hv   = Br    + OH   + ...  1.000000E+00
  8 453 BrNO3 +  hv   = Br    + NO3         1.000000E+00
  9 454 BrNO3 +  hv   = BrO   + NO2         1.000000E+00
 10 455 BrNO2 +  hv   = Br    + NO2         1.000000E+00
 11 456 CHBr3 +  hv   = Br    +             3.000000E+00

Family PBry  prod -- no of rxns is    4     coefficient
  1 339 CHBr3 + OH    = Br    + PBrOx       3.000000E+00
  2 340 CH2Br + OH    = Br    + PBrOx       2.000000E+00
  3 341 CH3Br + OH    = Br    + PBrOx       1.000000E+00
  4 456 CHBr3 +  hv   = Br    + PBrOx       3.000000E+00

Family LBry  loss -- no of rxns is    0     coefficient
REPEAT REACTANTS:     1    7 OH             OH                           
REPEAT REACTANTS:     2   21 MO2            MO2                          
REPEAT REACTANTS:     3   24 MP             OH                           
REPEAT REACTANTS:     4   26 ATOOH          OH                           
REPEAT REACTANTS:     5   49 OH                                          
REPEAT REACTANTS:     6   62 C3H8           OH                           
REPEAT REACTANTS:     7   69 R4O2           NO                           
REPEAT REACTANTS:     8  114 ACET           OH                           
REPEAT REACTANTS:     9  155 ETO2           ETO2                         
REPEAT REACTANTS:    10  170 GLYC           OH                           
REPEAT REACTANTS:    11  180 HAC            OH                           
REPEAT REACTANTS:    12  190 MACR           NO3                          
REPEAT REACTANTS:    13  196 INPN           OH                           
REPEAT REACTANTS:    14  205 RIP            OH                           
REPEAT REACTANTS:    15  213 MRP            OH                           
REPEAT REACTANTS:    16  215 MAOP           OH                           
REPEAT REACTANTS:    17  217 MCO3           MAOPO2                       
REPEAT REACTANTS:    18  224 MAOPO2         NO                           
REPEAT REACTANTS:    19  231 MCO3           MO2                          
REPEAT REACTANTS:    20  257 MCO3           ETO2                         
REPEAT REACTANTS:    21  314 DMS            OH                           
REPEAT REACTANTS:    22  324 BrO            BrO                          
REPEAT REACTANTS:    23  354 HC5OO          NO                           
REPEAT REACTANTS:    24  362 ISOPNDO2       NO                           
REPEAT REACTANTS:    25  368 ISOPNBO2       NO                           
REPEAT REACTANTS:    26  384 DIBOO          NO                           
REPEAT REACTANTS:    27  391 MOBAOO         NO                           
REPEAT REACTANTS:    28  399 O3                                          
REPEAT REACTANTS:    29  404 CH2O                                        
REPEAT REACTANTS:    30  409 NO3                                         
REPEAT REACTANTS:    31  411 N2O5                                        
REPEAT REACTANTS:    32  414 ALD2                                        
REPEAT REACTANTS:    33  418 ACET                                        
REPEAT REACTANTS:    34  422 GLYX                                        
REPEAT REACTANTS:    35  424 MGLY                                        
REPEAT REACTANTS:    36  426 MVK                                         
REPEAT REACTANTS:    37  429 MACR                                        
REPEAT REACTANTS:    38  454 BrNO3                                       
REPEAT REACTANTS:    39  458 MPN                                         
 
SPEC           NUMGT  NUMG  NUMLT NUML   NGT-NLT-NG+NL FRACGN NUMGFT
DRYACET            1     1     0     0          0      0.000    0
DRYCH2O            1     1     0     0          0      0.000    0
DRYH2O2            1     1     0     0          0      0.000    0
DRYHNO3            1     1     0     0          0      0.000    0
DRYN2O5            1     1     0     0          0      0.000    0
DRYNO2             1     1     0     0          0      0.000    0
DRYO3              1     1     0     0          0      0.000    0
DRYPAN             1     1     0     0          0      0.000    0
DRYPMN             1     1     0     0          0      0.000    0
DRYPMNN            1     1     0     0          0      0.000    0
DRYPPN             1     1     0     0          0      0.000    0
DRYR4N2            1     1     0     0          0      0.000    0
DRYMVK             1     1     0     0          0      0.000    0
DRYMACR            1     1     0     0          0      0.000    0
DRYHAC             1     1     0     0          0      0.000    0
DRYALD2            1     1     0     0          0      0.000    0
DRYHOBr            1     1     0     0          0      0.000    0
DRYHBr             1     1     0     0          0      0.000    0
DRYBrNO3           1     1     0     0          0      0.000    0
DRYBr2             1     1     0     0          0      0.000    0
DRYISOPND          1     1     0     0          0      0.000    0
DRYISOPNB          1     1     0     0          0      0.000    0
DRYRIP             1     1     0     0          0      0.000    0
DRYIEPOX           1     1     0     0          0      0.000    0
DRYMACRN           1     1     0     0          0      0.000    0
DRYMVKN            1     1     0     0          0      0.000    0
DRYPROPNN          1     1     0     0          0      0.000    0
SO4                1     1     0     0          0      0.000    0
MSA                0     0     0     0          0      0.250    1
LISOPOH            1     1     0     0          0      0.000    0
CHBr3              1     1     2     2          0      0.000    0
CH2Br2             1     1     1     1          0      0.000    0
CH3Br              0     0     1     1          0      0.000    0
PYAC               0     0     0     0          0      0.350    1
LCO                1     1     0     0          0      0.000    0
N2O5               1     1     5     5          0      0.000    0
PAN                1     1     3     3          0      0.000    0
PPN                1     1     2     2          0      0.000    0
DMS                0     0     3     3          0      0.000    0
BrNO2              1     1     1     1          0      0.000    0
C3H8               1     1     3     3          0      0.000    0
MPN                1     1     3     3          0      0.000    0
IEPOX              1     1     2     2          0      0.000    0
ALK4               1     1     2     2          0      0.000    0
PMNN               1     1     2     2          0      0.000    0
MAOP               0     0     3     3          0      0.410    1
MAP                0     0     2     2          0      0.410    1
MP                 1     1     3     3          0      0.000    0
MRP                1     1     3     3          0      0.000    0
IAP                0     0     2     2          0      0.100    1
PP                 1     1     2     2          0      0.000    0
PRPN               1     1     2     2          0      0.000    0
RA3P               1     1     2     2          0      0.000    0
RB3P               1     1     2     2          0      0.000    0
RIP                0     0     4     4          0      0.880    1
VRP                0     0     2     2          0      0.100    1
SO2                2     2     1     1          0      0.750    1
ETP                1     1     2     2          0      0.000    0
BrNO3              1     1     5     5          0      0.000    0
HNO2               1     1     2     2          0      0.500    1
C2H6               1     1     3     3          0      0.000    0
ISOP               1     1     3     3          0      0.000    0
HNO4               1     1     4     4          0      0.000    0
PBry               9     9     0     0          0      0.000    0
RP                 0     0     2     2          0      1.160    2
H2O2               2     2     3     3          0      0.110    1
ISOPNB             0     0     4     4          0      0.047    1
DIBOO              0     0     3     3          0      0.213    2
MOBAOO             1     1     3     3          0      0.000    0
IEPOXOO            1     1     2     2          0      0.000    0
ATOOH              0     0     3     3          0      1.700    2
PRPE               2     2     3     3          0      0.128    1
R4P                1     1     2     2          0      1.350    2
INPN               3     3     3     3          0      0.000    0
HOBr               3     3     4     4          0      0.000    0
ISNOOB             0     0     4     4          0      0.400    1
PMN                2     2     4     4          0      0.000    0
DHMOB              0     0     1     1          0      1.234    3
MOBA               0     0     2     2          0      0.340    2
ISOPNBO2           1     1     3     3          0      0.193    1
ISOPNDO2           1     1     3     3          0      0.193    1
ISNOHOO            0     0     3     3          0      0.655    1
ISNP               0     0     2     2          0      1.850    3
MAN2               1     1     5     5          0      0.000    0
Br2                3     3     3     3          0      2.000    4
ISNOOA             0     0     4     4          0      0.945    2
ISOPND             0     0     4     4          0      0.820    3
ETHLN              0     0     1     1          0      0.695    3
MAOPO2             1     1     8     8          0      0.000    0
MACRNO2            2     2     3     3          0      0.000    0
MRO2               1     1     6     6          0      0.470    1
R4N1               1     1     5     5          0      0.612    1
ISN1               0     0     3     3          0      3.900    7
VRO2               1     1     5     5          0      0.209    1
KO2                2     2     5     5          0      0.000    0
HC5OO              1     1     6     6          0      0.346    1
PO2                1     1     5     5          0      0.209    1
MVKN               0     0     3     3          0      0.940    4
RIO2               1     1     8     8          0      0.387    1
BrO                3     3     9     9          0      0.000    0
PRN1               1     1     5     5          0      0.209    1
MACRN              0     0     3     3          0      1.035    6
HBr                6     6     4     4          0      0.000    0
INO2               1     1     8     8          0      0.360    1
ATO2               4     4     5     5          0      0.000    0
PBrOx             17    17     0     0          0      0.000    0
R4O2               2     2     6     6          0      0.959    4
ACET               5     5     6     6          0      2.661    7
B3O2               1     1     5     5          0      0.839    5
PROPNN             0     0     3     3          0      2.966    8
A3O2               2     2     5     5          0      0.540    5
MAO3               5     5     6     6          0      0.530    1
MVK                0     0     6     6          0      2.593   12
RCO3               4     4     6     6          0      0.150    1
MACR               0     0     7     7          0      1.909   12
HC5                2     2     2     2          0      3.001   11
ROH                0     0     1     1          0      3.420   13
ETO2               7     7     9     9          0      2.770    7
GLYX               1     1     4     4          0      6.627   14
R4N2               5     5     3     3          0      4.574    9
GLYC               1     1     3     3          0      8.079   21
Br                21    21    10    10          0      0.000    0
ALD2              17    17     6     6          0      7.420   16
MEK               11    11     3     3          0      3.658   13
HNO3              22    22     3     3          0      1.100    2
O3                 6     6    19    19          0      1.000    5
RCHO              14    14     3     3          0      5.724   18
HAC               10    10     4     4          0     12.615   26
MGLY               4     4     4     4          0     10.868   29
LOX               49    49     0     0          0      3.600    5
NO3               10    10    28    28          0      1.165    5
PCO               33    33     0     0          0     13.703   27
CO                35    35     1     1          0     12.703   27
NO                 6     6    41    41          0      0.000    0
MCO3              18    15    41    38          0      8.857   16
MO2               37    36    32    31          0      2.881   10
POX               55    55     0     0          0     20.323   26
NO2               73    72    16    15          0     19.293   25
CH2O              37    37     6     6          0     32.016   72
HO2               81    81    39    39          0     29.318   57
OH                46    39    86    79          0     17.168   36
LBry               0     0     0     0          0      0.000    0
PMNO2              0     0     0     0          0      0.000    0
DRYACTA            1     1     0     0          0      0.000    0
DRYHCOOH           1     1     0     0          0      0.000    0
RCOOH              2     2     0     0          0      0.400    2
O2                20    20     0     0          0      0.000    0
O                  0     0     0     0          0      0.000    0
NH3                0     0     0     0          0      0.000    0
NH2                0     0     0     0          0      0.000    0
N2                 0     0     0     0          0      0.000    0
MOH                1     1     1     1          0      4.276   17
MNO3               0     0     0     0          0      0.000    0
M                  5     5     0     0          0      0.000    0
HCOOH              1     1     2     2          0      3.267   14
H2O               24    24     0     0          0      0.000    0
H2                 1     1     1     1          0      0.980    4
H                  0     0     0     0          0      0.000    0
EOH                1     1     1     1          0      0.250    1
EMISSION           0     0    17    17          0      0.000    0
CH4                1     1     1     1          0      0.000    0
ACTA              17    17     2     2          0      0.906    5
OVERALL          823   811   678   666          0      0.000  657

CHANGE IN MOLES DUE TO URBAN          CHEMISTRY

# KINETIC REACTIONS:   339 PHOTORATES:    64 TOTAL:   403

PARAM    POSS MATRIX POINTS -- NONZEROS -- NCSP=   1
INITMAT         19881             1440
FINMAT          19881             1815
DECOMP1        924490             6777
DECOMP2          9870             1019
BACKSB1          9870             1019
BACKSB2          9870              655


PARAM    POSS MATRIX POINTS -- NONZEROS -- NCSP=   4
INITMAT         19881             1317
FINMAT          19881             1708
DECOMP1        924490             6181
DECOMP2          9870              924
BACKSB1          9870              924
BACKSB2          9870              643


===============================================================================
SETEMDEP: Emission & deposition species
===============================================================================

Tracer #   1 (NO   ) has an emission rxn defined in "globchem.dat"
Tracer #   2 (O3   ) has an emission rxn defined in "globchem.dat"
Tracer #   4 (CO   ) has an emission rxn defined in "globchem.dat"
Tracer #   5 (ALK4 ) has an emission rxn defined in "globchem.dat"
Tracer #   6 (ISOP ) has an emission rxn defined in "globchem.dat"
Tracer #   7 (HNO3 ) has an emission rxn defined in "globchem.dat"
Tracer #   9 (ACET ) has an emission rxn defined in "globchem.dat"
Tracer #  10 (MEK  ) has an emission rxn defined in "globchem.dat"
Tracer #  11 (ALD2 ) has an emission rxn defined in "globchem.dat"
Tracer #  18 (PRPE ) has an emission rxn defined in "globchem.dat"
Tracer #  19 (C3H8 ) has an emission rxn defined in "globchem.dat"
Tracer #  20 (CH2O ) has an emission rxn defined in "globchem.dat"
Tracer #  21 (C2H6 ) has an emission rxn defined in "globchem.dat"
Tracer #  44 (Br2  ) has an emission rxn defined in "globchem.dat"
Tracer #  51 (CHBr ) has an emission rxn defined in "globchem.dat"
Tracer #  52 (CH2B ) has an emission rxn defined in "globchem.dat"
Drydep species #   1 (O3   ) has a drydep rxn defined in "globchem.dat"
Drydep species #   2 (PAN  ) has a drydep rxn defined in "globchem.dat"
Drydep species #   3 (HNO3 ) has a drydep rxn defined in "globchem.dat"
Drydep species #   4 (H2O2 ) has a drydep rxn defined in "globchem.dat"
Drydep species #   5 (ACET ) has a drydep rxn defined in "globchem.dat"
Drydep species #   6 (ALD2 ) has a drydep rxn defined in "globchem.dat"
Drydep species #   7 (MVK  ) has a drydep rxn defined in "globchem.dat"
Drydep species #   8 (MACR ) has a drydep rxn defined in "globchem.dat"
Drydep species #   9 (PMN  ) has a drydep rxn defined in "globchem.dat"
Drydep species #  10 (PPN  ) has a drydep rxn defined in "globchem.dat"
Drydep species #  11 (R4N2 ) has a drydep rxn defined in "globchem.dat"
Drydep species #  12 (CH2O ) has a drydep rxn defined in "globchem.dat"
Drydep species #  13 (N2O5 ) has a drydep rxn defined in "globchem.dat"
Drydep species #  32 (Br2  ) has a drydep rxn defined in "globchem.dat"
Drydep species #  33 (HOBr ) has a drydep rxn defined in "globchem.dat"
Drydep species #  34 (HBr  ) has a drydep rxn defined in "globchem.dat"
Drydep species #  35 (BrNO3) has a drydep rxn defined in "globchem.dat"
Drydep species #  36 (ISOPN) has a drydep rxn defined in "globchem.dat"
Drydep species #  37 (ISOPN) has a drydep rxn defined in "globchem.dat"
Drydep species #  38 (PROPN) has a drydep rxn defined in "globchem.dat"
Drydep species #  39 (HAC  ) has a drydep rxn defined in "globchem.dat"
Drydep species #  41 (MACRN) has a drydep rxn defined in "globchem.dat"
Drydep species #  42 (MVKN ) has a drydep rxn defined in "globchem.dat"
Drydep species #  43 (RIP  ) has a drydep rxn defined in "globchem.dat"
Drydep species #  44 (IEPOX) has a drydep rxn defined in "globchem.dat"
Drydep species #  46 (NO2  ) has a drydep rxn defined in "globchem.dat"
